17-May-2020 00:09:08.401 DETALLADO [http-nio-8080-exec-4] org.openxava.controller.ModuleManager.log 0:0:0:0:0:0:0:1 null MODULE:SignIn
17-May-2020 00:09:08.570 DETALLADO [http-nio-8080-exec-6] org.openxava.web.dwr.DWRBase.request Tiempo petición=11 ms
17-May-2020 00:09:10.015 DETALLADO [http-nio-8080-exec-2] org.openxava.controller.ModuleManager.log 0:0:0:0:0:0:0:1 lramon SignIn.signIn 132ms
17-May-2020 00:09:10.016 DETALLADO [http-nio-8080-exec-2] org.openxava.web.dwr.DWRBase.request Tiempo petición=137 ms
17-May-2020 00:09:10.075 ADVERTENCIA [http-nio-8080-exec-5] com.openxava.naviox.impl.ModulesHelper.toMetaModules Módulo ACTIVITYFLOWPORTFOLIOTRANSACTIONTYPE de POWERFIN no añadido: No existe
17-May-2020 00:09:10.084 ADVERTENCIA [http-nio-8080-exec-5] com.openxava.naviox.impl.ModulesHelper.toMetaModules Módulo ContractEmployee de powerfin no añadido: No existe
17-May-2020 00:09:10.084 ADVERTENCIA [http-nio-8080-exec-5] com.openxava.naviox.impl.ModulesHelper.toMetaModules Módulo ACTIVITYFLOWPORTFOLIOTRANSACTION de POWERFIN no añadido: No existe
17-May-2020 00:09:10.087 ADVERTENCIA [http-nio-8080-exec-5] com.openxava.naviox.impl.ModulesHelper.toMetaModules Módulo AuthorizeTransactionPayRoll de powerfin no añadido: No existe
17-May-2020 00:09:10.089 ADVERTENCIA [http-nio-8080-exec-5] com.openxava.naviox.impl.ModulesHelper.toMetaModules Módulo PayrollBiweekAdvancePercentage de powerfin no añadido: No existe
17-May-2020 00:09:10.092 ADVERTENCIA [http-nio-8080-exec-5] com.openxava.naviox.impl.ModulesHelper.toMetaModules Módulo RequestTransactionPayRoll de powerfin no añadido: No existe
17-May-2020 00:09:10.095 ADVERTENCIA [http-nio-8080-exec-5] com.openxava.naviox.impl.ModulesHelper.toMetaModules Módulo RequestTXInvoiceSaleByCategory de powerfin no añadido: No existe
17-May-2020 00:09:10.215 DETALLADO [http-nio-8080-exec-5] org.openxava.controller.ModuleManager.log 0:0:0:0:0:0:0:1 lramon MODULE:PaymentRolePrinting
17-May-2020 00:09:10.314 DETALLADO [http-nio-8080-exec-9] org.openxava.tab.impl.JPATabProvider.nextBlock [JPATabProvider.nextBlock] Ejecutando SELECT e.fiscalMonthId, e.fiscalMonthId, e.name from FiscalMonth e con argumentos 
17-May-2020 00:09:10.315 DETALLADO [http-nio-8080-exec-9] org.openxava.tab.impl.TableModelBean.getRow nextChunk=1
17-May-2020 00:09:10.318 DETALLADO [http-nio-8080-exec-9] org.openxava.tab.impl.JPATabProvider.nextBlock [JPATabProvider.nextBlock] Ejecutando SELECT e.fiscalYearId, e.fiscalYearId, e.name from FiscalYear e con argumentos 
17-May-2020 00:09:10.319 DETALLADO [http-nio-8080-exec-9] org.openxava.tab.impl.TableModelBean.getRow nextChunk=1
17-May-2020 00:09:10.321 DETALLADO [http-nio-8080-exec-9] org.openxava.tab.impl.JPATabProvider.nextBlock [JPATabProvider.nextBlock] Ejecutando SELECT e.payrollTypeId, e.payrollTypeId, e.name from PayrollType e con argumentos 
17-May-2020 00:09:10.322 DETALLADO [http-nio-8080-exec-9] org.openxava.tab.impl.TableModelBean.getRow nextChunk=1
17-May-2020 00:09:10.323 DETALLADO [http-nio-8080-exec-9] org.openxava.web.dwr.DWRBase.request Tiempo petición=14 ms
17-May-2020 00:09:20.156 INFORMACIÓN [http-nio-8080-exec-1] com.powerfin.model.Report.findReportByName ######## REPORT TO SEARCH: PAYMENT_ROLES
17-May-2020 00:09:20.157 INFORMACIÓN [http-nio-8080-exec-1] com.powerfin.model.Report.findReportByName ######## REPORT FROM CURRENT SCHEMA
17-May-2020 00:09:20.157 INFORMACIÓN [http-nio-8080-exec-1] com.powerfin.model.Report.getJRXML ######## FILE: payment_roles.jrxml
17-May-2020 00:09:20.157 INFORMACIÓN [http-nio-8080-exec-1] com.powerfin.model.Report.findReportByName ######## REPORT FORMAT: EXCEL
17-May-2020 00:09:20.206 INFORMACIÓN [http-nio-8080-exec-1] com.powerfin.util.report.ReportBaseAction.execute ######## PARAMETERS: {CURRENT_ACCOUNTING_DATE=2020-05-05, SCHEMA=yalobox, ORG_NAME=YALOBOX SA, PAYROLL_TYPE=MEN, FISCAL_MONTH=4, USER=lramon, FISCAL_YEAR=2020}
17-May-2020 00:09:20.227 DETALLADO [http-nio-8080-exec-1] org.openxava.controller.ModuleManager.log 0:0:0:0:0:0:0:1 lramon PrintRole.printPaymentRolePrinting 71ms
17-May-2020 00:09:20.228 DETALLADO [http-nio-8080-exec-1] org.openxava.web.dwr.DWRBase.request Tiempo petición=72 ms
17-May-2020 00:09:20.307 DETALLADO [http-nio-8080-exec-4] org.openxava.controller.ModuleManager.log 0:0:0:0:0:0:0:1 lramon MODULE:PaymentRolePrinting
17-May-2020 00:09:20.424 DETALLADO [http-nio-8080-exec-1] org.openxava.web.dwr.DWRBase.request Tiempo petición=8 ms
17-May-2020 00:09:23.836 INFORMACIÓN [http-nio-8080-exec-7] com.powerfin.model.Report.findReportByName ######## REPORT TO SEARCH: PAYMENT_ROLE
17-May-2020 00:09:23.837 INFORMACIÓN [http-nio-8080-exec-7] com.powerfin.model.Report.findReportByName ######## REPORT FROM CURRENT SCHEMA
17-May-2020 00:09:23.838 INFORMACIÓN [http-nio-8080-exec-7] com.powerfin.model.Report.getJRXML ######## FILE: payment_role.jrxml
17-May-2020 00:09:23.838 INFORMACIÓN [http-nio-8080-exec-7] com.powerfin.model.Report.findReportByName ######## REPORT FORMAT: PDF
17-May-2020 00:09:23.907 INFORMACIÓN [http-nio-8080-exec-7] com.powerfin.model.Report.findReportByName ######## REPORT TO SEARCH: INGRESS_PAYMENT_ROL
17-May-2020 00:09:23.907 INFORMACIÓN [http-nio-8080-exec-7] com.powerfin.model.Report.findReportByName ######## REPORT FROM CURRENT SCHEMA
17-May-2020 00:09:23.908 INFORMACIÓN [http-nio-8080-exec-7] com.powerfin.model.Report.getJRXML ######## FILE: ingress_payment_rol.jrxml
17-May-2020 00:09:23.908 INFORMACIÓN [http-nio-8080-exec-7] com.powerfin.model.Report.findReportByName ######## REPORT FORMAT: PDF
17-May-2020 00:09:23.941 INFORMACIÓN [http-nio-8080-exec-7] com.powerfin.model.Report.findReportByName ######## REPORT TO SEARCH: EGRESS_PAYMENT_ROL
17-May-2020 00:09:23.942 INFORMACIÓN [http-nio-8080-exec-7] com.powerfin.model.Report.findReportByName ######## REPORT FROM CURRENT SCHEMA
17-May-2020 00:09:23.943 INFORMACIÓN [http-nio-8080-exec-7] com.powerfin.model.Report.getJRXML ######## FILE: egress_payment_rol.jrxml
17-May-2020 00:09:23.943 INFORMACIÓN [http-nio-8080-exec-7] com.powerfin.model.Report.findReportByName ######## REPORT FORMAT: PDF
17-May-2020 00:09:23.966 INFORMACIÓN [http-nio-8080-exec-7] com.powerfin.model.Report.findReportByName ######## REPORT TO SEARCH: TOTAL_INGRESS_PAYMENT_ROL
17-May-2020 00:09:23.967 INFORMACIÓN [http-nio-8080-exec-7] com.powerfin.model.Report.findReportByName ######## REPORT FROM CURRENT SCHEMA
17-May-2020 00:09:23.967 INFORMACIÓN [http-nio-8080-exec-7] com.powerfin.model.Report.getJRXML ######## FILE: total_ingress_payment_rol.jrxml
17-May-2020 00:09:23.967 INFORMACIÓN [http-nio-8080-exec-7] com.powerfin.model.Report.findReportByName ######## REPORT FORMAT: PDF
17-May-2020 00:09:23.989 INFORMACIÓN [http-nio-8080-exec-7] com.powerfin.model.Report.findReportByName ######## REPORT TO SEARCH: TOTAL_EGRESS_PAYMENT_ROL
17-May-2020 00:09:23.990 INFORMACIÓN [http-nio-8080-exec-7] com.powerfin.model.Report.findReportByName ######## REPORT FROM CURRENT SCHEMA
17-May-2020 00:09:23.990 INFORMACIÓN [http-nio-8080-exec-7] com.powerfin.model.Report.getJRXML ######## FILE: total_egress_payment_rol.jrxml
17-May-2020 00:09:23.990 INFORMACIÓN [http-nio-8080-exec-7] com.powerfin.model.Report.findReportByName ######## REPORT FORMAT: PDF
17-May-2020 00:09:24.040 INFORMACIÓN [http-nio-8080-exec-7] com.powerfin.model.Report.findReportByName ######## REPORT TO SEARCH: TOTAL_NETO_PAYMENT_ROL
17-May-2020 00:09:24.041 INFORMACIÓN [http-nio-8080-exec-7] com.powerfin.model.Report.findReportByName ######## REPORT FROM CURRENT SCHEMA
17-May-2020 00:09:24.041 INFORMACIÓN [http-nio-8080-exec-7] com.powerfin.model.Report.getJRXML ######## FILE: total_neto_payment_rol.jrxml
17-May-2020 00:09:24.041 INFORMACIÓN [http-nio-8080-exec-7] com.powerfin.model.Report.findReportByName ######## REPORT FORMAT: PDF
17-May-2020 00:09:24.061 INFORMACIÓN [http-nio-8080-exec-7] com.powerfin.util.report.ReportBaseAction.execute ######## PARAMETERS: {CURRENT_ACCOUNTING_DATE=2020-05-05, INGRESS_PAYMENT_ROL=net.sf.jasperreports.engine.JasperReport@450c88a2, SCHEMA=yalobox, ORG_NAME=YALOBOX SA, PAYROLL_TYPE=MEN, TOTAL_EGRESS_PAYMENT_ROL=net.sf.jasperreports.engine.JasperReport@6ebe52d9, FISCAL_MONTH=4, USER=lramon, FISCAL_YEAR=2020, TOTAL_NETO_PAYMENT_ROL=net.sf.jasperreports.engine.JasperReport@56c9aefa, EGRESS_PAYMENT_ROL=net.sf.jasperreports.engine.JasperReport@4ff7d296, TOTAL_INGRESS_PAYMENT_ROL=net.sf.jasperreports.engine.JasperReport@6e9f0a52}
17-May-2020 00:09:24.141 DETALLADO [http-nio-8080-exec-7] org.openxava.controller.ModuleManager.log 0:0:0:0:0:0:0:1 lramon PrintRole.printPaymentRoleByPerson 305ms
17-May-2020 00:09:24.141 DETALLADO [http-nio-8080-exec-7] org.openxava.web.dwr.DWRBase.request Tiempo petición=306 ms
17-May-2020 00:09:24.241 DETALLADO [http-nio-8080-exec-6] org.openxava.controller.ModuleManager.log 0:0:0:0:0:0:0:1 lramon MODULE:PaymentRolePrinting
17-May-2020 00:09:24.383 DETALLADO [http-nio-8080-exec-7] org.openxava.web.dwr.DWRBase.request Tiempo petición=6 ms
17-May-2020 00:11:07.931 INFORMACIÓN [Thread-5] org.apache.coyote.AbstractProtocol.pause Pausing ProtocolHandler ["http-nio-8080"]
17-May-2020 00:11:07.952 INFORMACIÓN [Thread-5] org.apache.coyote.AbstractProtocol.pause Pausing ProtocolHandler ["ajp-nio-8009"]
17-May-2020 00:11:07.959 INFORMACIÓN [Thread-5] org.apache.catalina.core.StandardService.stopInternal Parando servicio [Catalina]
17-May-2020 00:11:08.111 INFORMACIÓN [Thread-5] org.quartz.core.QuartzScheduler.shutdown Scheduler DefaultQuartzScheduler_$_NON_CLUSTERED shutting down.
17-May-2020 00:11:08.111 INFORMACIÓN [Thread-5] org.quartz.core.QuartzScheduler.standby Scheduler DefaultQuartzScheduler_$_NON_CLUSTERED paused.
17-May-2020 00:11:08.503 INFORMACIÓN [Thread-5] org.quartz.core.QuartzScheduler.shutdown Scheduler DefaultQuartzScheduler_$_NON_CLUSTERED shutdown complete.
17-May-2020 00:11:08.520 GRAVE [Thread-5] org.apache.catalina.loader.WebappClassLoaderBase.checkThreadLocalMapForLeaks La aplicación web [powerfin] creó un ThreadLocal con clave del tipo [java.lang.ThreadLocal] (valor [java.lang.ThreadLocal@68a6234]) y un valor del tipo [java.lang.Class] (valor [class payment_roles_CROSSTAB0_1589692160176_982605]) pero no pudo quitarlo cuando la aplicación web se paró. Los hilos se van a renovar con el tiempo para intentar evitar in posible fallo de memoria.
17-May-2020 00:11:08.521 GRAVE [Thread-5] org.apache.catalina.loader.WebappClassLoaderBase.checkThreadLocalMapForLeaks La aplicación web [powerfin] creó un ThreadLocal con clave del tipo [java.lang.ThreadLocal] (valor [java.lang.ThreadLocal@4920ca17]) y un valor del tipo [org.openxava.util.EmailNotifications.ModuleInfo] (valor [org.openxava.util.EmailNotifications$ModuleInfo@9620c91]) pero no pudo quitarlo cuando la aplicación web se paró. Los hilos se van a renovar con el tiempo para intentar evitar in posible fallo de memoria.
17-May-2020 00:11:08.522 GRAVE [Thread-5] org.apache.catalina.loader.WebappClassLoaderBase.checkThreadLocalMapForLeaks La aplicación web [powerfin] creó un ThreadLocal con clave del tipo [java.lang.ThreadLocal] (valor [java.lang.ThreadLocal@46e73edd]) y un valor del tipo [org.openxava.util.UserInfo] (valor [org.openxava.util.UserInfo@5e6f4279]) pero no pudo quitarlo cuando la aplicación web se paró. Los hilos se van a renovar con el tiempo para intentar evitar in posible fallo de memoria.
17-May-2020 00:11:08.526 GRAVE [Thread-5] org.apache.catalina.loader.WebappClassLoaderBase.checkThreadLocalMapForLeaks La aplicación web [powerfin] creó un ThreadLocal con clave del tipo [java.lang.ThreadLocal] (valor [java.lang.ThreadLocal@13a97ff7]) y un valor del tipo [org.apache.commons.collections.map.ReferenceMap] (valor [{ParallelWebappClassLoader
  context: powerfin
  delegate: false
----------> Parent Classloader:
java.net.URLClassLoader@46f7f36a
=com.sun.org.apache.xerces.internal.util.XMLGrammarPoolImpl@d6f9d5b}]) pero no pudo quitarlo cuando la aplicación web se paró. Los hilos se van a renovar con el tiempo para intentar evitar in posible fallo de memoria.
17-May-2020 00:11:08.526 GRAVE [Thread-5] org.apache.catalina.loader.WebappClassLoaderBase.checkThreadLocalMapForLeaks La aplicación web [powerfin] creó un ThreadLocal con clave del tipo [java.lang.ThreadLocal] (valor [java.lang.ThreadLocal@68a6234]) y un valor del tipo [java.lang.Class] (valor [class TOTAL_NETO_PAYMENT_ROL_1589680558698_114381]) pero no pudo quitarlo cuando la aplicación web se paró. Los hilos se van a renovar con el tiempo para intentar evitar in posible fallo de memoria.
17-May-2020 00:11:08.527 GRAVE [Thread-5] org.apache.catalina.loader.WebappClassLoaderBase.checkThreadLocalMapForLeaks La aplicación web [powerfin] creó un ThreadLocal con clave del tipo [java.lang.ThreadLocal] (valor [java.lang.ThreadLocal@4920ca17]) y un valor del tipo [org.openxava.util.EmailNotifications.ModuleInfo] (valor [org.openxava.util.EmailNotifications$ModuleInfo@500a1910]) pero no pudo quitarlo cuando la aplicación web se paró. Los hilos se van a renovar con el tiempo para intentar evitar in posible fallo de memoria.
17-May-2020 00:11:08.527 GRAVE [Thread-5] org.apache.catalina.loader.WebappClassLoaderBase.checkThreadLocalMapForLeaks La aplicación web [powerfin] creó un ThreadLocal con clave del tipo [java.lang.ThreadLocal] (valor [java.lang.ThreadLocal@46e73edd]) y un valor del tipo [org.openxava.util.UserInfo] (valor [org.openxava.util.UserInfo@5e6f4279]) pero no pudo quitarlo cuando la aplicación web se paró. Los hilos se van a renovar con el tiempo para intentar evitar in posible fallo de memoria.
17-May-2020 00:11:08.527 GRAVE [Thread-5] org.apache.catalina.loader.WebappClassLoaderBase.checkThreadLocalMapForLeaks La aplicación web [powerfin] creó un ThreadLocal con clave del tipo [java.lang.ThreadLocal] (valor [java.lang.ThreadLocal@13a97ff7]) y un valor del tipo [org.apache.commons.collections.map.ReferenceMap] (valor [{ParallelWebappClassLoader
  context: powerfin
  delegate: false
----------> Parent Classloader:
java.net.URLClassLoader@46f7f36a
=com.sun.org.apache.xerces.internal.util.XMLGrammarPoolImpl@58cfc0f7}]) pero no pudo quitarlo cuando la aplicación web se paró. Los hilos se van a renovar con el tiempo para intentar evitar in posible fallo de memoria.
17-May-2020 00:11:08.528 GRAVE [Thread-5] org.apache.catalina.loader.WebappClassLoaderBase.checkThreadLocalMapForLeaks La aplicación web [powerfin] creó un ThreadLocal con clave del tipo [java.lang.ThreadLocal] (valor [java.lang.ThreadLocal@4920ca17]) y un valor del tipo [org.openxava.util.EmailNotifications.ModuleInfo] (valor [org.openxava.util.EmailNotifications$ModuleInfo@545bdc0]) pero no pudo quitarlo cuando la aplicación web se paró. Los hilos se van a renovar con el tiempo para intentar evitar in posible fallo de memoria.
17-May-2020 00:11:08.528 GRAVE [Thread-5] org.apache.catalina.loader.WebappClassLoaderBase.checkThreadLocalMapForLeaks La aplicación web [powerfin] creó un ThreadLocal con clave del tipo [java.lang.ThreadLocal] (valor [java.lang.ThreadLocal@46e73edd]) y un valor del tipo [org.openxava.util.UserInfo] (valor [org.openxava.util.UserInfo@317aff35]) pero no pudo quitarlo cuando la aplicación web se paró. Los hilos se van a renovar con el tiempo para intentar evitar in posible fallo de memoria.
17-May-2020 00:11:08.528 GRAVE [Thread-5] org.apache.catalina.loader.WebappClassLoaderBase.checkThreadLocalMapForLeaks La aplicación web [powerfin] creó un ThreadLocal con clave del tipo [java.lang.ThreadLocal] (valor [java.lang.ThreadLocal@68a6234]) y un valor del tipo [java.lang.Class] (valor [class TOTAL_NETO_PAYMENT_ROL_1589681112834_666882]) pero no pudo quitarlo cuando la aplicación web se paró. Los hilos se van a renovar con el tiempo para intentar evitar in posible fallo de memoria.
17-May-2020 00:11:08.529 GRAVE [Thread-5] org.apache.catalina.loader.WebappClassLoaderBase.checkThreadLocalMapForLeaks La aplicación web [powerfin] creó un ThreadLocal con clave del tipo [java.lang.ThreadLocal] (valor [java.lang.ThreadLocal@4920ca17]) y un valor del tipo [org.openxava.util.EmailNotifications.ModuleInfo] (valor [org.openxava.util.EmailNotifications$ModuleInfo@3138b293]) pero no pudo quitarlo cuando la aplicación web se paró. Los hilos se van a renovar con el tiempo para intentar evitar in posible fallo de memoria.
17-May-2020 00:11:08.529 GRAVE [Thread-5] org.apache.catalina.loader.WebappClassLoaderBase.checkThreadLocalMapForLeaks La aplicación web [powerfin] creó un ThreadLocal con clave del tipo [java.lang.ThreadLocal] (valor [java.lang.ThreadLocal@46e73edd]) y un valor del tipo [org.openxava.util.UserInfo] (valor [org.openxava.util.UserInfo@5e6f4279]) pero no pudo quitarlo cuando la aplicación web se paró. Los hilos se van a renovar con el tiempo para intentar evitar in posible fallo de memoria.
17-May-2020 00:11:08.529 GRAVE [Thread-5] org.apache.catalina.loader.WebappClassLoaderBase.checkThreadLocalMapForLeaks La aplicación web [powerfin] creó un ThreadLocal con clave del tipo [java.lang.ThreadLocal] (valor [java.lang.ThreadLocal@13a97ff7]) y un valor del tipo [org.apache.commons.collections.map.ReferenceMap] (valor [{ParallelWebappClassLoader
  context: powerfin
  delegate: false
----------> Parent Classloader:
java.net.URLClassLoader@46f7f36a
=com.sun.org.apache.xerces.internal.util.XMLGrammarPoolImpl@1756043b}]) pero no pudo quitarlo cuando la aplicación web se paró. Los hilos se van a renovar con el tiempo para intentar evitar in posible fallo de memoria.
17-May-2020 00:11:08.530 GRAVE [Thread-5] org.apache.catalina.loader.WebappClassLoaderBase.checkThreadLocalMapForLeaks La aplicación web [powerfin] creó un ThreadLocal con clave del tipo [java.lang.ThreadLocal] (valor [java.lang.ThreadLocal@68a6234]) y un valor del tipo [java.lang.Class] (valor [class payment_role_1589681094034_166199]) pero no pudo quitarlo cuando la aplicación web se paró. Los hilos se van a renovar con el tiempo para intentar evitar in posible fallo de memoria.
17-May-2020 00:11:08.531 GRAVE [Thread-5] org.apache.catalina.loader.WebappClassLoaderBase.checkThreadLocalMapForLeaks La aplicación web [powerfin] creó un ThreadLocal con clave del tipo [java.lang.ThreadLocal] (valor [java.lang.ThreadLocal@4920ca17]) y un valor del tipo [org.openxava.util.EmailNotifications.ModuleInfo] (valor [org.openxava.util.EmailNotifications$ModuleInfo@5930c334]) pero no pudo quitarlo cuando la aplicación web se paró. Los hilos se van a renovar con el tiempo para intentar evitar in posible fallo de memoria.
17-May-2020 00:11:08.531 GRAVE [Thread-5] org.apache.catalina.loader.WebappClassLoaderBase.checkThreadLocalMapForLeaks La aplicación web [powerfin] creó un ThreadLocal con clave del tipo [java.lang.ThreadLocal] (valor [java.lang.ThreadLocal@46e73edd]) y un valor del tipo [org.openxava.util.UserInfo] (valor [org.openxava.util.UserInfo@5e6f4279]) pero no pudo quitarlo cuando la aplicación web se paró. Los hilos se van a renovar con el tiempo para intentar evitar in posible fallo de memoria.
17-May-2020 00:11:08.531 GRAVE [Thread-5] org.apache.catalina.loader.WebappClassLoaderBase.checkThreadLocalMapForLeaks La aplicación web [powerfin] creó un ThreadLocal con clave del tipo [java.lang.ThreadLocal] (valor [java.lang.ThreadLocal@13a97ff7]) y un valor del tipo [org.apache.commons.collections.map.ReferenceMap] (valor [{ParallelWebappClassLoader
  context: powerfin
  delegate: false
----------> Parent Classloader:
java.net.URLClassLoader@46f7f36a
=com.sun.org.apache.xerces.internal.util.XMLGrammarPoolImpl@2d685eab}]) pero no pudo quitarlo cuando la aplicación web se paró. Los hilos se van a renovar con el tiempo para intentar evitar in posible fallo de memoria.
17-May-2020 00:11:08.532 GRAVE [Thread-5] org.apache.catalina.loader.WebappClassLoaderBase.checkThreadLocalMapForLeaks La aplicación web [powerfin] creó un ThreadLocal con clave del tipo [java.lang.ThreadLocal] (valor [java.lang.ThreadLocal@68a6234]) y un valor del tipo [java.lang.Class] (valor [class payment_role_1589680373003_162183]) pero no pudo quitarlo cuando la aplicación web se paró. Los hilos se van a renovar con el tiempo para intentar evitar in posible fallo de memoria.
17-May-2020 00:11:08.533 GRAVE [Thread-5] org.apache.catalina.loader.WebappClassLoaderBase.checkThreadLocalMapForLeaks La aplicación web [powerfin] creó un ThreadLocal con clave del tipo [java.lang.ThreadLocal] (valor [java.lang.ThreadLocal@4920ca17]) y un valor del tipo [org.openxava.util.EmailNotifications.ModuleInfo] (valor [org.openxava.util.EmailNotifications$ModuleInfo@a38f0e1]) pero no pudo quitarlo cuando la aplicación web se paró. Los hilos se van a renovar con el tiempo para intentar evitar in posible fallo de memoria.
17-May-2020 00:11:08.533 GRAVE [Thread-5] org.apache.catalina.loader.WebappClassLoaderBase.checkThreadLocalMapForLeaks La aplicación web [powerfin] creó un ThreadLocal con clave del tipo [java.lang.ThreadLocal] (valor [java.lang.ThreadLocal@46e73edd]) y un valor del tipo [org.openxava.util.UserInfo] (valor [org.openxava.util.UserInfo@5e6f4279]) pero no pudo quitarlo cuando la aplicación web se paró. Los hilos se van a renovar con el tiempo para intentar evitar in posible fallo de memoria.
17-May-2020 00:11:08.534 GRAVE [Thread-5] org.apache.catalina.loader.WebappClassLoaderBase.checkThreadLocalMapForLeaks La aplicación web [powerfin] creó un ThreadLocal con clave del tipo [java.lang.ThreadLocal] (valor [java.lang.ThreadLocal@13a97ff7]) y un valor del tipo [org.apache.commons.collections.map.ReferenceMap] (valor [{ParallelWebappClassLoader
  context: powerfin
  delegate: false
----------> Parent Classloader:
java.net.URLClassLoader@46f7f36a
=com.sun.org.apache.xerces.internal.util.XMLGrammarPoolImpl@1dff416a}]) pero no pudo quitarlo cuando la aplicación web se paró. Los hilos se van a renovar con el tiempo para intentar evitar in posible fallo de memoria.
17-May-2020 00:11:08.534 GRAVE [Thread-5] org.apache.catalina.loader.WebappClassLoaderBase.checkThreadLocalMapForLeaks La aplicación web [powerfin] creó un ThreadLocal con clave del tipo [java.lang.ThreadLocal] (valor [java.lang.ThreadLocal@68a6234]) y un valor del tipo [java.lang.Class] (valor [class TOTAL_NETO_PAYMENT_ROL_1589692164044_161774]) pero no pudo quitarlo cuando la aplicación web se paró. Los hilos se van a renovar con el tiempo para intentar evitar in posible fallo de memoria.
17-May-2020 00:11:08.535 GRAVE [Thread-5] org.apache.catalina.loader.WebappClassLoaderBase.checkThreadLocalMapForLeaks La aplicación web [powerfin] creó un ThreadLocal con clave del tipo [java.lang.ThreadLocal] (valor [java.lang.ThreadLocal@4920ca17]) y un valor del tipo [org.openxava.util.EmailNotifications.ModuleInfo] (valor [org.openxava.util.EmailNotifications$ModuleInfo@42890882]) pero no pudo quitarlo cuando la aplicación web se paró. Los hilos se van a renovar con el tiempo para intentar evitar in posible fallo de memoria.
17-May-2020 00:11:08.535 GRAVE [Thread-5] org.apache.catalina.loader.WebappClassLoaderBase.checkThreadLocalMapForLeaks La aplicación web [powerfin] creó un ThreadLocal con clave del tipo [java.lang.ThreadLocal] (valor [java.lang.ThreadLocal@46e73edd]) y un valor del tipo [org.openxava.util.UserInfo] (valor [org.openxava.util.UserInfo@5e6f4279]) pero no pudo quitarlo cuando la aplicación web se paró. Los hilos se van a renovar con el tiempo para intentar evitar in posible fallo de memoria.
17-May-2020 00:11:08.536 GRAVE [Thread-5] org.apache.catalina.loader.WebappClassLoaderBase.checkThreadLocalMapForLeaks La aplicación web [powerfin] creó un ThreadLocal con clave del tipo [java.lang.ThreadLocal] (valor [java.lang.ThreadLocal@13a97ff7]) y un valor del tipo [org.apache.commons.collections.map.ReferenceMap] (valor [{ParallelWebappClassLoader
  context: powerfin
  delegate: false
----------> Parent Classloader:
java.net.URLClassLoader@46f7f36a
=com.sun.org.apache.xerces.internal.util.XMLGrammarPoolImpl@2d7b9b7e}]) pero no pudo quitarlo cuando la aplicación web se paró. Los hilos se van a renovar con el tiempo para intentar evitar in posible fallo de memoria.
17-May-2020 00:11:08.536 GRAVE [Thread-5] org.apache.catalina.loader.WebappClassLoaderBase.checkThreadLocalMapForLeaks La aplicación web [powerfin] creó un ThreadLocal con clave del tipo [java.lang.ThreadLocal] (valor [java.lang.ThreadLocal@68a6234]) y un valor del tipo [java.lang.Class] (valor [class payment_role_1589681104629_863915]) pero no pudo quitarlo cuando la aplicación web se paró. Los hilos se van a renovar con el tiempo para intentar evitar in posible fallo de memoria.
17-May-2020 00:11:08.537 GRAVE [Thread-5] org.apache.catalina.loader.WebappClassLoaderBase.checkThreadLocalMapForLeaks La aplicación web [powerfin] creó un ThreadLocal con clave del tipo [java.lang.ThreadLocal] (valor [java.lang.ThreadLocal@4920ca17]) y un valor del tipo [org.openxava.util.EmailNotifications.ModuleInfo] (valor [org.openxava.util.EmailNotifications$ModuleInfo@6009d9c8]) pero no pudo quitarlo cuando la aplicación web se paró. Los hilos se van a renovar con el tiempo para intentar evitar in posible fallo de memoria.
17-May-2020 00:11:08.537 GRAVE [Thread-5] org.apache.catalina.loader.WebappClassLoaderBase.checkThreadLocalMapForLeaks La aplicación web [powerfin] creó un ThreadLocal con clave del tipo [java.lang.ThreadLocal] (valor [java.lang.ThreadLocal@46e73edd]) y un valor del tipo [org.openxava.util.UserInfo] (valor [org.openxava.util.UserInfo@317aff35]) pero no pudo quitarlo cuando la aplicación web se paró. Los hilos se van a renovar con el tiempo para intentar evitar in posible fallo de memoria.
17-May-2020 00:11:08.537 GRAVE [Thread-5] org.apache.catalina.loader.WebappClassLoaderBase.checkThreadLocalMapForLeaks La aplicación web [powerfin] creó un ThreadLocal con clave del tipo [java.lang.ThreadLocal] (valor [java.lang.ThreadLocal@13a97ff7]) y un valor del tipo [org.apache.commons.collections.map.ReferenceMap] (valor [{ParallelWebappClassLoader
  context: powerfin
  delegate: false
----------> Parent Classloader:
java.net.URLClassLoader@46f7f36a
=com.sun.org.apache.xerces.internal.util.XMLGrammarPoolImpl@71a20b2}]) pero no pudo quitarlo cuando la aplicación web se paró. Los hilos se van a renovar con el tiempo para intentar evitar in posible fallo de memoria.
17-May-2020 00:11:08.538 GRAVE [Thread-5] org.apache.catalina.loader.WebappClassLoaderBase.checkThreadLocalMapForLeaks La aplicación web [powerfin] creó un ThreadLocal con clave del tipo [java.lang.ThreadLocal] (valor [java.lang.ThreadLocal@4920ca17]) y un valor del tipo [org.openxava.util.EmailNotifications.ModuleInfo] (valor [org.openxava.util.EmailNotifications$ModuleInfo@dddf5cb]) pero no pudo quitarlo cuando la aplicación web se paró. Los hilos se van a renovar con el tiempo para intentar evitar in posible fallo de memoria.
17-May-2020 00:11:08.538 GRAVE [Thread-5] org.apache.catalina.loader.WebappClassLoaderBase.checkThreadLocalMapForLeaks La aplicación web [powerfin] creó un ThreadLocal con clave del tipo [java.lang.ThreadLocal] (valor [java.lang.ThreadLocal@46e73edd]) y un valor del tipo [org.openxava.util.UserInfo] (valor [org.openxava.util.UserInfo@5e6f4279]) pero no pudo quitarlo cuando la aplicación web se paró. Los hilos se van a renovar con el tiempo para intentar evitar in posible fallo de memoria.
17-May-2020 00:11:08.538 GRAVE [Thread-5] org.apache.catalina.loader.WebappClassLoaderBase.checkThreadLocalMapForLeaks La aplicación web [powerfin] creó un ThreadLocal con clave del tipo [java.lang.ThreadLocal] (valor [java.lang.ThreadLocal@68a6234]) y un valor del tipo [java.lang.Class] (valor [class payment_role_1589681119127_955194]) pero no pudo quitarlo cuando la aplicación web se paró. Los hilos se van a renovar con el tiempo para intentar evitar in posible fallo de memoria.
17-May-2020 00:11:08.539 GRAVE [Thread-5] org.apache.catalina.loader.WebappClassLoaderBase.checkThreadLocalMapForLeaks La aplicación web [powerfin] creó un ThreadLocal con clave del tipo [java.lang.ThreadLocal] (valor [java.lang.ThreadLocal@4920ca17]) y un valor del tipo [org.openxava.util.EmailNotifications.ModuleInfo] (valor [org.openxava.util.EmailNotifications$ModuleInfo@7c8c3f65]) pero no pudo quitarlo cuando la aplicación web se paró. Los hilos se van a renovar con el tiempo para intentar evitar in posible fallo de memoria.
17-May-2020 00:11:08.539 GRAVE [Thread-5] org.apache.catalina.loader.WebappClassLoaderBase.checkThreadLocalMapForLeaks La aplicación web [powerfin] creó un ThreadLocal con clave del tipo [java.lang.ThreadLocal] (valor [java.lang.ThreadLocal@46e73edd]) y un valor del tipo [org.openxava.util.UserInfo] (valor [org.openxava.util.UserInfo@317aff35]) pero no pudo quitarlo cuando la aplicación web se paró. Los hilos se van a renovar con el tiempo para intentar evitar in posible fallo de memoria.
17-May-2020 00:11:08.540 GRAVE [Thread-5] org.apache.catalina.loader.WebappClassLoaderBase.checkThreadLocalMapForLeaks La aplicación web [powerfin] creó un ThreadLocal con clave del tipo [java.lang.ThreadLocal] (valor [java.lang.ThreadLocal@13a97ff7]) y un valor del tipo [org.apache.commons.collections.map.ReferenceMap] (valor [{ParallelWebappClassLoader
  context: powerfin
  delegate: false
----------> Parent Classloader:
java.net.URLClassLoader@46f7f36a
=com.sun.org.apache.xerces.internal.util.XMLGrammarPoolImpl@52e57ea5}]) pero no pudo quitarlo cuando la aplicación web se paró. Los hilos se van a renovar con el tiempo para intentar evitar in posible fallo de memoria.
17-May-2020 00:11:08.597 INFORMACIÓN [Thread-5] org.apache.coyote.AbstractProtocol.stop Stopping ProtocolHandler ["http-nio-8080"]
17-May-2020 00:11:08.598 INFORMACIÓN [Thread-5] org.apache.coyote.AbstractProtocol.stop Stopping ProtocolHandler ["ajp-nio-8009"]
17-May-2020 00:11:08.600 INFORMACIÓN [Thread-5] org.apache.coyote.AbstractProtocol.destroy Destroying ProtocolHandler ["http-nio-8080"]
17-May-2020 00:11:08.601 INFORMACIÓN [Thread-5] org.apache.coyote.AbstractProtocol.destroy Destroying ProtocolHandler ["ajp-nio-8009"]
