25-May-2020 09:26:52.721 INFORMACIÓN [main] org.apache.catalina.startup.VersionLoggerListener.log Server version:        Apache Tomcat/9.0.13
25-May-2020 09:26:52.890 INFORMACIÓN [main] org.apache.catalina.startup.VersionLoggerListener.log Server built:          Nov 2 2018 14:27:55 UTC
25-May-2020 09:26:52.890 INFORMACIÓN [main] org.apache.catalina.startup.VersionLoggerListener.log Server number:         9.0.13.0
25-May-2020 09:26:52.891 INFORMACIÓN [main] org.apache.catalina.startup.VersionLoggerListener.log OS Name:               Linux
25-May-2020 09:26:52.891 INFORMACIÓN [main] org.apache.catalina.startup.VersionLoggerListener.log OS Version:            5.0.10-050010-generic
25-May-2020 09:26:52.891 INFORMACIÓN [main] org.apache.catalina.startup.VersionLoggerListener.log Architecture:          amd64
25-May-2020 09:26:52.892 INFORMACIÓN [main] org.apache.catalina.startup.VersionLoggerListener.log Java Home:             /usr/local/jre1.8.0_221
25-May-2020 09:26:52.892 INFORMACIÓN [main] org.apache.catalina.startup.VersionLoggerListener.log JVM Version:           1.8.0_221-b11
25-May-2020 09:26:52.892 INFORMACIÓN [main] org.apache.catalina.startup.VersionLoggerListener.log JVM Vendor:            Oracle Corporation
25-May-2020 09:26:52.893 INFORMACIÓN [main] org.apache.catalina.startup.VersionLoggerListener.log CATALINA_BASE:         /home/lramon/POWERFIN/tomcat
25-May-2020 09:26:52.893 INFORMACIÓN [main] org.apache.catalina.startup.VersionLoggerListener.log CATALINA_HOME:         /home/lramon/POWERFIN/tomcat
25-May-2020 09:26:52.894 INFORMACIÓN [main] org.apache.catalina.startup.VersionLoggerListener.log Command line argument: -Djava.util.logging.config.file=/home/lramon/POWERFIN/tomcat/conf/logging.properties
25-May-2020 09:26:52.894 INFORMACIÓN [main] org.apache.catalina.startup.VersionLoggerListener.log Command line argument: -Djava.util.logging.manager=org.apache.juli.ClassLoaderLogManager
25-May-2020 09:26:52.895 INFORMACIÓN [main] org.apache.catalina.startup.VersionLoggerListener.log Command line argument: -Djdk.tls.ephemeralDHKeySize=2048
25-May-2020 09:26:52.895 INFORMACIÓN [main] org.apache.catalina.startup.VersionLoggerListener.log Command line argument: -Djava.protocol.handler.pkgs=org.apache.catalina.webresources
25-May-2020 09:26:52.895 INFORMACIÓN [main] org.apache.catalina.startup.VersionLoggerListener.log Command line argument: -Dorg.apache.catalina.security.SecurityListener.UMASK=0027
25-May-2020 09:26:52.896 INFORMACIÓN [main] org.apache.catalina.startup.VersionLoggerListener.log Command line argument: -Dignore.endorsed.dirs=
25-May-2020 09:26:52.904 INFORMACIÓN [main] org.apache.catalina.startup.VersionLoggerListener.log Command line argument: -Dcatalina.base=/home/lramon/POWERFIN/tomcat
25-May-2020 09:26:52.904 INFORMACIÓN [main] org.apache.catalina.startup.VersionLoggerListener.log Command line argument: -Dcatalina.home=/home/lramon/POWERFIN/tomcat/
25-May-2020 09:26:52.904 INFORMACIÓN [main] org.apache.catalina.startup.VersionLoggerListener.log Command line argument: -Djava.io.tmpdir=/home/lramon/POWERFIN/tomcat/temp
25-May-2020 09:26:52.905 INFORMACIÓN [main] org.apache.catalina.core.AprLifecycleListener.lifecycleEvent La biblioteca nativa de Apache Tomcat basada en ARP que permite un rendimiento óptimo en entornos de desarrollo no ha sido hallada en java.library.path: [/usr/java/packages/lib/amd64:/usr/lib64:/lib64:/lib:/usr/lib]
25-May-2020 09:26:54.453 INFORMACIÓN [main] org.apache.coyote.AbstractProtocol.init Initializing ProtocolHandler ["http-nio-8080"]
25-May-2020 09:26:54.476 INFORMACIÓN [main] org.apache.tomcat.util.net.NioSelectorPool.getSharedSelector Using a shared selector for servlet write/read
25-May-2020 09:26:54.501 INFORMACIÓN [main] org.apache.coyote.AbstractProtocol.init Initializing ProtocolHandler ["ajp-nio-8009"]
25-May-2020 09:26:54.502 INFORMACIÓN [main] org.apache.tomcat.util.net.NioSelectorPool.getSharedSelector Using a shared selector for servlet write/read
25-May-2020 09:26:54.504 INFORMACIÓN [main] org.apache.catalina.startup.Catalina.load Initialization processed in 3690 ms
25-May-2020 09:26:54.620 INFORMACIÓN [main] org.apache.catalina.core.StandardService.startInternal Arrancando servicio [Catalina]
25-May-2020 09:26:54.620 INFORMACIÓN [main] org.apache.catalina.core.StandardEngine.startInternal Starting Servlet Engine: Apache Tomcat/9.0.13
25-May-2020 09:26:54.705 INFORMACIÓN [main] org.apache.catalina.startup.HostConfig.deployDirectory Despliegue del directorio [/home/lramon/POWERFIN/tomcat/webapps/powerfin] de la aplicación web
25-May-2020 09:27:14.065 ADVERTENCIA [main] org.apache.tomcat.dbcp.dbcp2.BasicDataSourceFactory.getObjectInstance Name = powerfinDS Property maxActive is not used in DBCP2, use maxTotal instead. maxTotal default value is 8. You have set value of "20" for "maxActive" property, which is being ignored.
25-May-2020 09:27:14.066 ADVERTENCIA [main] org.apache.tomcat.dbcp.dbcp2.BasicDataSourceFactory.getObjectInstance Name = powerfinDS Property maxWait is not used in DBCP2 , use maxWaitMillis instead. maxWaitMillis default value is -1. You have set value of "10000" for "maxWait" property, which is being ignored.
25-May-2020 09:27:14.208 ADVERTENCIA [main] org.apache.tomcat.dbcp.dbcp2.BasicDataSourceFactory.getObjectInstance Name = OpenXavaTestDS Property maxActive is not used in DBCP2, use maxTotal instead. maxTotal default value is 8. You have set value of "20" for "maxActive" property, which is being ignored.
25-May-2020 09:27:14.208 ADVERTENCIA [main] org.apache.tomcat.dbcp.dbcp2.BasicDataSourceFactory.getObjectInstance Name = OpenXavaTestDS Property maxWait is not used in DBCP2 , use maxWaitMillis instead. maxWaitMillis default value is -1. You have set value of "10000" for "maxWait" property, which is being ignored.
25-May-2020 09:27:14.210 ADVERTENCIA [main] org.apache.tomcat.dbcp.dbcp2.BasicDataSourceFactory.getObjectInstance Name = MySchoolDS Property maxActive is not used in DBCP2, use maxTotal instead. maxTotal default value is 8. You have set value of "20" for "maxActive" property, which is being ignored.
25-May-2020 09:27:14.210 ADVERTENCIA [main] org.apache.tomcat.dbcp.dbcp2.BasicDataSourceFactory.getObjectInstance Name = MySchoolDS Property maxWait is not used in DBCP2 , use maxWaitMillis instead. maxWaitMillis default value is -1. You have set value of "10000" for "maxWait" property, which is being ignored.
25-May-2020 09:27:14.212 ADVERTENCIA [main] org.apache.tomcat.dbcp.dbcp2.BasicDataSourceFactory.getObjectInstance Name = InvoiceDemoDS Property maxActive is not used in DBCP2, use maxTotal instead. maxTotal default value is 8. You have set value of "20" for "maxActive" property, which is being ignored.
25-May-2020 09:27:14.212 ADVERTENCIA [main] org.apache.tomcat.dbcp.dbcp2.BasicDataSourceFactory.getObjectInstance Name = InvoiceDemoDS Property maxWait is not used in DBCP2 , use maxWaitMillis instead. maxWaitMillis default value is -1. You have set value of "10000" for "maxWait" property, which is being ignored.
25-May-2020 09:27:14.460 INFORMACIÓN [main] org.apache.jasper.servlet.TldScanner.scanJars Al menos un JAR, que se ha explorado buscando TLDs, aún no contenía TLDs. Activar historial de depuración para este historiador para una completa lista de los JARs que fueron explorados y de los que nos se halló TLDs. Saltarse JARs no necesarios durante la exploración puede dar lugar a una mejora de tiempo significativa en el arranque y compilación de JSP .
25-May-2020 09:27:14.993 INFORMACIÓN [main] org.quartz.impl.StdSchedulerFactory.instantiate Using default implementation for ThreadExecutor
25-May-2020 09:27:14.995 INFORMACIÓN [main] org.quartz.simpl.SimpleThreadPool.initialize Job execution threads will use class loader of thread: main
25-May-2020 09:27:15.011 INFORMACIÓN [main] org.quartz.core.SchedulerSignalerImpl.<init> Initialized Scheduler Signaller of type: class org.quartz.core.SchedulerSignalerImpl
25-May-2020 09:27:15.011 INFORMACIÓN [main] org.quartz.core.QuartzScheduler.<init> Quartz Scheduler v.2.4.0-SNAPSHOT created.
25-May-2020 09:27:15.012 INFORMACIÓN [main] org.quartz.simpl.RAMJobStore.initialize RAMJobStore initialized.
25-May-2020 09:27:15.013 INFORMACIÓN [main] org.quartz.core.QuartzScheduler.initialize Scheduler meta-data: Quartz Scheduler (v2.4.0-SNAPSHOT) 'DefaultQuartzScheduler' with instanceId 'NON_CLUSTERED'
  Scheduler class: 'org.quartz.core.QuartzScheduler' - running locally.
  NOT STARTED.
  Currently in standby mode.
  Number of jobs executed: 0
  Using thread pool 'org.quartz.simpl.SimpleThreadPool' - with 10 threads.
  Using job-store 'org.quartz.simpl.RAMJobStore' - which does not support persistence. and is not clustered.

25-May-2020 09:27:15.014 INFORMACIÓN [main] org.quartz.impl.StdSchedulerFactory.instantiate Quartz scheduler 'DefaultQuartzScheduler' initialized from default resource file in Quartz package: 'quartz.properties'
25-May-2020 09:27:15.014 INFORMACIÓN [main] org.quartz.impl.StdSchedulerFactory.instantiate Quartz scheduler version: 2.4.0-SNAPSHOT
25-May-2020 09:27:15.014 INFORMACIÓN [main] org.quartz.core.QuartzScheduler.start Scheduler DefaultQuartzScheduler_$_NON_CLUSTERED started.
25-May-2020 09:27:15.015 INFORMACIÓN [main] org.openxava.util.Users.contextInitialized Start Scheduler...
25-May-2020 09:27:16.576 WARN [main] org.hibernate.jpa.boot.spi.ProviderChecker.hibernateProviderNamesContain HHH015016: Encountered a deprecated javax.persistence.spi.PersistenceProvider [org.hibernate.ejb.HibernatePersistence]; [org.hibernate.jpa.HibernatePersistenceProvider] will be used instead.
25-May-2020 09:27:16.645 INFO [main] org.hibernate.jpa.internal.util.LogHelper.logPersistenceUnitInformation HHH000204: Processing PersistenceUnitInfo [
	name: default
	...]
25-May-2020 09:27:17.082 INFO [main] org.hibernate.Version.logVersion HHH000412: Hibernate Core {5.3.9.Final}
25-May-2020 09:27:17.084 INFO [main] org.hibernate.cfg.Environment.<clinit> HHH000206: hibernate.properties not found
25-May-2020 09:27:17.331 INFO [main] org.hibernate.annotations.common.reflection.java.JavaReflectionManager.<clinit> HCANN000001: Hibernate Commons Annotations {5.0.4.Final}
25-May-2020 09:27:17.741 WARN [main] org.hibernate.boot.jaxb.internal.stax.LocalXmlResourceResolver.resolveEntity HHH90000012: Recognized obsolete hibernate namespace http://hibernate.sourceforge.net/hibernate-mapping. Use namespace http://www.hibernate.org/dtd/hibernate-mapping instead.  Support for obsolete DTD/XSD namespaces may be removed at any time.
25-May-2020 09:27:18.933 INFO [main] org.hibernate.dialect.Dialect.<init> HHH000400: Using dialect: org.hibernate.dialect.PostgreSQLDialect
25-May-2020 09:27:19.420 INFO [main] org.hibernate.engine.jdbc.env.internal.LobCreatorBuilderImpl.useContextualLobCreation HHH000424: Disabling contextual LOB creation as createClob() method threw error : java.lang.reflect.InvocationTargetException
25-May-2020 09:27:19.429 INFO [main] org.hibernate.type.BasicTypeRegistry.register HHH000270: Type registration [java.util.UUID] overrides previous : org.hibernate.type.UUIDBinaryType@58b33ff3
25-May-2020 09:27:19.446 INFO [main] org.hibernate.envers.boot.internal.EnversServiceImpl.configure Envers integration enabled? : true
25-May-2020 09:27:20.945 WARN [main] org.hibernate.id.UUIDHexGenerator.<init> HHH000409: Using org.hibernate.id.UUIDHexGenerator which does not generate IETF RFC 4122 compliant UUID values; consider using org.hibernate.id.UUIDGenerator instead
25-May-2020 09:27:21.895 INFO [main] org.hibernate.validator.internal.util.Version.<clinit> HV000001: Hibernate Validator 6.0.15.Final
25-May-2020 09:27:27.173 INFO [main] org.hibernate.hql.internal.QueryTranslatorFactoryInitiator.initiateService HHH000397: Using ASTQueryTranslatorFactory
25-May-2020 09:27:27.403 WARN [main] org.hibernate.jpa.boot.spi.ProviderChecker.hibernateProviderNamesContain HHH015016: Encountered a deprecated javax.persistence.spi.PersistenceProvider [org.hibernate.ejb.HibernatePersistence]; [org.hibernate.jpa.HibernatePersistenceProvider] will be used instead.
25-May-2020 09:27:27.404 INFO [main] org.hibernate.jpa.internal.util.LogHelper.logPersistenceUnitInformation HHH000204: Processing PersistenceUnitInfo [
	name: default
	...]
25-May-2020 09:27:27.492 WARN [main] org.hibernate.boot.jaxb.internal.stax.LocalXmlResourceResolver.resolveEntity HHH90000012: Recognized obsolete hibernate namespace http://hibernate.sourceforge.net/hibernate-mapping. Use namespace http://www.hibernate.org/dtd/hibernate-mapping instead.  Support for obsolete DTD/XSD namespaces may be removed at any time.
25-May-2020 09:27:27.855 INFO [main] org.hibernate.dialect.Dialect.<init> HHH000400: Using dialect: org.hibernate.dialect.PostgreSQLDialect
25-May-2020 09:27:28.035 INFO [main] org.hibernate.engine.jdbc.env.internal.LobCreatorBuilderImpl.useContextualLobCreation HHH000424: Disabling contextual LOB creation as createClob() method threw error : java.lang.reflect.InvocationTargetException
25-May-2020 09:27:28.037 INFO [main] org.hibernate.type.BasicTypeRegistry.register HHH000270: Type registration [java.util.UUID] overrides previous : org.hibernate.type.UUIDBinaryType@58b33ff3
25-May-2020 09:27:28.038 INFO [main] org.hibernate.envers.boot.internal.EnversServiceImpl.configure Envers integration enabled? : true
25-May-2020 09:27:29.728 INFO [main] org.hibernate.hql.internal.QueryTranslatorFactoryInitiator.initiateService HHH000397: Using ASTQueryTranslatorFactory
25-May-2020 09:27:31.273 WARN [main] org.hibernate.jpa.boot.spi.ProviderChecker.hibernateProviderNamesContain HHH015016: Encountered a deprecated javax.persistence.spi.PersistenceProvider [org.hibernate.ejb.HibernatePersistence]; [org.hibernate.jpa.HibernatePersistenceProvider] will be used instead.
25-May-2020 09:27:31.273 INFO [main] org.hibernate.jpa.internal.util.LogHelper.logPersistenceUnitInformation HHH000204: Processing PersistenceUnitInfo [
	name: default
	...]
25-May-2020 09:27:31.307 WARN [main] org.hibernate.boot.jaxb.internal.stax.LocalXmlResourceResolver.resolveEntity HHH90000012: Recognized obsolete hibernate namespace http://hibernate.sourceforge.net/hibernate-mapping. Use namespace http://www.hibernate.org/dtd/hibernate-mapping instead.  Support for obsolete DTD/XSD namespaces may be removed at any time.
25-May-2020 09:27:31.398 INFO [main] org.hibernate.dialect.Dialect.<init> HHH000400: Using dialect: org.hibernate.dialect.PostgreSQLDialect
25-May-2020 09:27:31.457 INFO [main] org.hibernate.engine.jdbc.env.internal.LobCreatorBuilderImpl.useContextualLobCreation HHH000424: Disabling contextual LOB creation as createClob() method threw error : java.lang.reflect.InvocationTargetException
25-May-2020 09:27:31.458 INFO [main] org.hibernate.type.BasicTypeRegistry.register HHH000270: Type registration [java.util.UUID] overrides previous : org.hibernate.type.UUIDBinaryType@58b33ff3
25-May-2020 09:27:31.458 INFO [main] org.hibernate.envers.boot.internal.EnversServiceImpl.configure Envers integration enabled? : true
25-May-2020 09:27:32.611 INFO [main] org.hibernate.hql.internal.QueryTranslatorFactoryInitiator.initiateService HHH000397: Using ASTQueryTranslatorFactory
25-May-2020 09:27:32.918 INFORMACIÓN [main] org.openxava.util.Users.contextInitialized MOVILIZA ECUADOR, Tasks: 2
25-May-2020 09:27:32.930 INFORMACIÓN [main] org.openxava.util.Users.contextInitialized Add Task, Schema: movilizaec, Task: NOTIFICACIONES POR EMAIL
25-May-2020 09:27:32.936 INFORMACIÓN [main] org.openxava.util.Users.contextInitialized Add Task, Schema: movilizaec, Task: NOTIFICACIONES POR WHASTAPP
25-May-2020 09:27:33.030 INFORMACIÓN [main] org.openxava.util.Users.contextInitialized DEFAULT, Tasks: 0
25-May-2020 09:27:33.055 WARN [main] org.hibernate.jpa.boot.spi.ProviderChecker.hibernateProviderNamesContain HHH015016: Encountered a deprecated javax.persistence.spi.PersistenceProvider [org.hibernate.ejb.HibernatePersistence]; [org.hibernate.jpa.HibernatePersistenceProvider] will be used instead.
25-May-2020 09:27:33.056 INFO [main] org.hibernate.jpa.internal.util.LogHelper.logPersistenceUnitInformation HHH000204: Processing PersistenceUnitInfo [
	name: default
	...]
25-May-2020 09:27:33.183 WARN [main] org.hibernate.boot.jaxb.internal.stax.LocalXmlResourceResolver.resolveEntity HHH90000012: Recognized obsolete hibernate namespace http://hibernate.sourceforge.net/hibernate-mapping. Use namespace http://www.hibernate.org/dtd/hibernate-mapping instead.  Support for obsolete DTD/XSD namespaces may be removed at any time.
25-May-2020 09:27:33.368 INFO [main] org.hibernate.dialect.Dialect.<init> HHH000400: Using dialect: org.hibernate.dialect.PostgreSQLDialect
25-May-2020 09:27:33.442 INFO [main] org.hibernate.engine.jdbc.env.internal.LobCreatorBuilderImpl.useContextualLobCreation HHH000424: Disabling contextual LOB creation as createClob() method threw error : java.lang.reflect.InvocationTargetException
25-May-2020 09:27:33.442 INFO [main] org.hibernate.type.BasicTypeRegistry.register HHH000270: Type registration [java.util.UUID] overrides previous : org.hibernate.type.UUIDBinaryType@58b33ff3
25-May-2020 09:27:33.444 INFO [main] org.hibernate.envers.boot.internal.EnversServiceImpl.configure Envers integration enabled? : true
25-May-2020 09:27:34.428 INFO [main] org.hibernate.hql.internal.QueryTranslatorFactoryInitiator.initiateService HHH000397: Using ASTQueryTranslatorFactory
25-May-2020 09:27:34.696 INFORMACIÓN [main] org.openxava.util.Users.contextInitialized YALOBOX, Tasks: 0
25-May-2020 09:27:34.700 WARN [main] org.hibernate.jpa.boot.spi.ProviderChecker.hibernateProviderNamesContain HHH015016: Encountered a deprecated javax.persistence.spi.PersistenceProvider [org.hibernate.ejb.HibernatePersistence]; [org.hibernate.jpa.HibernatePersistenceProvider] will be used instead.
25-May-2020 09:27:34.700 INFO [main] org.hibernate.jpa.internal.util.LogHelper.logPersistenceUnitInformation HHH000204: Processing PersistenceUnitInfo [
	name: default
	...]
25-May-2020 09:27:34.732 WARN [main] org.hibernate.boot.jaxb.internal.stax.LocalXmlResourceResolver.resolveEntity HHH90000012: Recognized obsolete hibernate namespace http://hibernate.sourceforge.net/hibernate-mapping. Use namespace http://www.hibernate.org/dtd/hibernate-mapping instead.  Support for obsolete DTD/XSD namespaces may be removed at any time.
25-May-2020 09:27:34.885 INFO [main] org.hibernate.dialect.Dialect.<init> HHH000400: Using dialect: org.hibernate.dialect.PostgreSQLDialect
25-May-2020 09:27:34.979 INFO [main] org.hibernate.engine.jdbc.env.internal.LobCreatorBuilderImpl.useContextualLobCreation HHH000424: Disabling contextual LOB creation as createClob() method threw error : java.lang.reflect.InvocationTargetException
25-May-2020 09:27:34.979 INFO [main] org.hibernate.type.BasicTypeRegistry.register HHH000270: Type registration [java.util.UUID] overrides previous : org.hibernate.type.UUIDBinaryType@58b33ff3
25-May-2020 09:27:34.980 INFO [main] org.hibernate.envers.boot.internal.EnversServiceImpl.configure Envers integration enabled? : true
25-May-2020 09:27:35.547 INFO [main] org.hibernate.hql.internal.QueryTranslatorFactoryInitiator.initiateService HHH000397: Using ASTQueryTranslatorFactory
25-May-2020 09:27:36.010 INFORMACIÓN [main] org.openxava.util.Users.contextInitialized CRESAFE, Tasks: 0
25-May-2020 09:27:37.415 ADVERTENCIA [main] org.openxava.controller.meta.xmlparse.ControllersParser.createControllers ¡ADVERTENCIA! Se ha cargado el controlador DefaultListActionsForCollections más de una vez
25-May-2020 09:27:38.179 INFORMACIÓN [main] org.directwebremoting.impl.StartupUtil.info DWR Version 2.0.10 starting.
25-May-2020 09:27:38.179 INFORMACIÓN [main] org.directwebremoting.impl.StartupUtil.info - Servlet Engine: Apache Tomcat/9.0.13
25-May-2020 09:27:38.179 INFORMACIÓN [main] org.directwebremoting.impl.StartupUtil.info - Java Version:   1.8.0_221
25-May-2020 09:27:38.179 INFORMACIÓN [main] org.directwebremoting.impl.StartupUtil.info - Java Vendor:    Oracle Corporation
25-May-2020 09:27:38.611 INFORMACIÓN [main] org.directwebremoting.dwrp.DefaultConverterManager.info Probably not an issue: org.jdom.Document is not available so the jdom converter will not load. This is only a problem if you wanted to use it.
25-May-2020 09:27:38.612 INFORMACIÓN [main] org.directwebremoting.dwrp.DefaultConverterManager.info Probably not an issue: org.jdom.Element is not available so the jdom converter will not load. This is only a problem if you wanted to use it.
25-May-2020 09:27:38.642 INFORMACIÓN [main] org.apache.catalina.startup.HostConfig.deployDirectory Deployment of web application directory [/home/lramon/POWERFIN/tomcat/webapps/powerfin] has finished in [43.936] ms
25-May-2020 09:27:38.644 INFORMACIÓN [main] org.apache.coyote.AbstractProtocol.start Starting ProtocolHandler ["http-nio-8080"]
25-May-2020 09:27:38.651 INFORMACIÓN [main] org.apache.coyote.AbstractProtocol.start Starting ProtocolHandler ["ajp-nio-8009"]
25-May-2020 09:27:38.654 INFORMACIÓN [main] org.apache.catalina.startup.Catalina.start Server startup in 44148 ms
25-May-2020 16:08:53.686 INFORMACIÓN [Thread-5] org.apache.coyote.AbstractProtocol.pause Pausing ProtocolHandler ["http-nio-8080"]
25-May-2020 16:08:53.733 INFORMACIÓN [Thread-5] org.apache.coyote.AbstractProtocol.pause Pausing ProtocolHandler ["ajp-nio-8009"]
25-May-2020 16:08:53.739 INFORMACIÓN [Thread-5] org.apache.catalina.core.StandardService.stopInternal Parando servicio [Catalina]
25-May-2020 16:08:53.760 INFORMACIÓN [Thread-5] org.quartz.core.QuartzScheduler.shutdown Scheduler DefaultQuartzScheduler_$_NON_CLUSTERED shutting down.
25-May-2020 16:08:53.760 INFORMACIÓN [Thread-5] org.quartz.core.QuartzScheduler.standby Scheduler DefaultQuartzScheduler_$_NON_CLUSTERED paused.
25-May-2020 16:08:54.186 INFORMACIÓN [Thread-5] org.quartz.core.QuartzScheduler.shutdown Scheduler DefaultQuartzScheduler_$_NON_CLUSTERED shutdown complete.
25-May-2020 16:08:54.240 INFORMACIÓN [Thread-5] org.apache.coyote.AbstractProtocol.stop Stopping ProtocolHandler ["http-nio-8080"]
25-May-2020 16:08:54.250 INFORMACIÓN [Thread-5] org.apache.coyote.AbstractProtocol.stop Stopping ProtocolHandler ["ajp-nio-8009"]
25-May-2020 16:08:54.258 INFORMACIÓN [Thread-5] org.apache.coyote.AbstractProtocol.destroy Destroying ProtocolHandler ["http-nio-8080"]
25-May-2020 16:08:54.261 INFORMACIÓN [Thread-5] org.apache.coyote.AbstractProtocol.destroy Destroying ProtocolHandler ["ajp-nio-8009"]
