09-Jul-2020 06:37:20.350 INFORMACIÓN [main] org.apache.catalina.startup.VersionLoggerListener.log Server version:        Apache Tomcat/9.0.13
09-Jul-2020 06:37:20.508 INFORMACIÓN [main] org.apache.catalina.startup.VersionLoggerListener.log Server built:          Nov 2 2018 14:27:55 UTC
09-Jul-2020 06:37:20.509 INFORMACIÓN [main] org.apache.catalina.startup.VersionLoggerListener.log Server number:         9.0.13.0
09-Jul-2020 06:37:20.510 INFORMACIÓN [main] org.apache.catalina.startup.VersionLoggerListener.log OS Name:               Linux
09-Jul-2020 06:37:20.512 INFORMACIÓN [main] org.apache.catalina.startup.VersionLoggerListener.log OS Version:            5.0.10-050010-generic
09-Jul-2020 06:37:20.512 INFORMACIÓN [main] org.apache.catalina.startup.VersionLoggerListener.log Architecture:          amd64
09-Jul-2020 06:37:20.513 INFORMACIÓN [main] org.apache.catalina.startup.VersionLoggerListener.log Java Home:             /usr/local/jre1.8.0_221
09-Jul-2020 06:37:20.513 INFORMACIÓN [main] org.apache.catalina.startup.VersionLoggerListener.log JVM Version:           1.8.0_221-b11
09-Jul-2020 06:37:20.514 INFORMACIÓN [main] org.apache.catalina.startup.VersionLoggerListener.log JVM Vendor:            Oracle Corporation
09-Jul-2020 06:37:20.514 INFORMACIÓN [main] org.apache.catalina.startup.VersionLoggerListener.log CATALINA_BASE:         /home/lramon/POWERFIN/tomcat
09-Jul-2020 06:37:20.514 INFORMACIÓN [main] org.apache.catalina.startup.VersionLoggerListener.log CATALINA_HOME:         /home/lramon/POWERFIN/tomcat
09-Jul-2020 06:37:20.515 INFORMACIÓN [main] org.apache.catalina.startup.VersionLoggerListener.log Command line argument: -Djava.util.logging.config.file=/home/lramon/POWERFIN/tomcat/conf/logging.properties
09-Jul-2020 06:37:20.515 INFORMACIÓN [main] org.apache.catalina.startup.VersionLoggerListener.log Command line argument: -Djava.util.logging.manager=org.apache.juli.ClassLoaderLogManager
09-Jul-2020 06:37:20.516 INFORMACIÓN [main] org.apache.catalina.startup.VersionLoggerListener.log Command line argument: -Djdk.tls.ephemeralDHKeySize=2048
09-Jul-2020 06:37:20.516 INFORMACIÓN [main] org.apache.catalina.startup.VersionLoggerListener.log Command line argument: -Djava.protocol.handler.pkgs=org.apache.catalina.webresources
09-Jul-2020 06:37:20.516 INFORMACIÓN [main] org.apache.catalina.startup.VersionLoggerListener.log Command line argument: -Dorg.apache.catalina.security.SecurityListener.UMASK=0027
09-Jul-2020 06:37:20.517 INFORMACIÓN [main] org.apache.catalina.startup.VersionLoggerListener.log Command line argument: -Dignore.endorsed.dirs=
09-Jul-2020 06:37:20.517 INFORMACIÓN [main] org.apache.catalina.startup.VersionLoggerListener.log Command line argument: -Dcatalina.base=/home/lramon/POWERFIN/tomcat
09-Jul-2020 06:37:20.517 INFORMACIÓN [main] org.apache.catalina.startup.VersionLoggerListener.log Command line argument: -Dcatalina.home=/home/lramon/POWERFIN/tomcat/
09-Jul-2020 06:37:20.517 INFORMACIÓN [main] org.apache.catalina.startup.VersionLoggerListener.log Command line argument: -Djava.io.tmpdir=/home/lramon/POWERFIN/tomcat/temp
09-Jul-2020 06:37:20.518 INFORMACIÓN [main] org.apache.catalina.core.AprLifecycleListener.lifecycleEvent La biblioteca nativa de Apache Tomcat basada en ARP que permite un rendimiento óptimo en entornos de desarrollo no ha sido hallada en java.library.path: [/usr/java/packages/lib/amd64:/usr/lib64:/lib64:/lib:/usr/lib]
09-Jul-2020 06:37:26.541 INFORMACIÓN [main] org.apache.coyote.AbstractProtocol.init Initializing ProtocolHandler ["http-nio-8080"]
09-Jul-2020 06:37:26.609 INFORMACIÓN [main] org.apache.tomcat.util.net.NioSelectorPool.getSharedSelector Using a shared selector for servlet write/read
09-Jul-2020 06:37:26.619 INFORMACIÓN [main] org.apache.coyote.AbstractProtocol.init Initializing ProtocolHandler ["ajp-nio-8009"]
09-Jul-2020 06:37:26.620 INFORMACIÓN [main] org.apache.tomcat.util.net.NioSelectorPool.getSharedSelector Using a shared selector for servlet write/read
09-Jul-2020 06:37:26.624 INFORMACIÓN [main] org.apache.catalina.startup.Catalina.load Initialization processed in 10754 ms
09-Jul-2020 06:37:26.995 INFORMACIÓN [main] org.apache.catalina.core.StandardService.startInternal Arrancando servicio [Catalina]
09-Jul-2020 06:37:26.995 INFORMACIÓN [main] org.apache.catalina.core.StandardEngine.startInternal Starting Servlet Engine: Apache Tomcat/9.0.13
09-Jul-2020 06:37:27.033 INFORMACIÓN [main] org.apache.catalina.startup.HostConfig.deployDirectory Despliegue del directorio [/home/lramon/POWERFIN/tomcat/webapps/powerfin] de la aplicación web
09-Jul-2020 06:38:01.627 ADVERTENCIA [main] org.apache.tomcat.dbcp.dbcp2.BasicDataSourceFactory.getObjectInstance Name = powerfinDS Property maxActive is not used in DBCP2, use maxTotal instead. maxTotal default value is 8. You have set value of "20" for "maxActive" property, which is being ignored.
09-Jul-2020 06:38:01.627 ADVERTENCIA [main] org.apache.tomcat.dbcp.dbcp2.BasicDataSourceFactory.getObjectInstance Name = powerfinDS Property maxWait is not used in DBCP2 , use maxWaitMillis instead. maxWaitMillis default value is -1. You have set value of "10000" for "maxWait" property, which is being ignored.
09-Jul-2020 06:38:01.678 ADVERTENCIA [main] org.apache.tomcat.dbcp.dbcp2.BasicDataSourceFactory.getObjectInstance Name = OpenXavaTestDS Property maxActive is not used in DBCP2, use maxTotal instead. maxTotal default value is 8. You have set value of "20" for "maxActive" property, which is being ignored.
09-Jul-2020 06:38:01.678 ADVERTENCIA [main] org.apache.tomcat.dbcp.dbcp2.BasicDataSourceFactory.getObjectInstance Name = OpenXavaTestDS Property maxWait is not used in DBCP2 , use maxWaitMillis instead. maxWaitMillis default value is -1. You have set value of "10000" for "maxWait" property, which is being ignored.
09-Jul-2020 06:38:01.679 ADVERTENCIA [main] org.apache.tomcat.dbcp.dbcp2.BasicDataSourceFactory.getObjectInstance Name = MySchoolDS Property maxActive is not used in DBCP2, use maxTotal instead. maxTotal default value is 8. You have set value of "20" for "maxActive" property, which is being ignored.
09-Jul-2020 06:38:01.679 ADVERTENCIA [main] org.apache.tomcat.dbcp.dbcp2.BasicDataSourceFactory.getObjectInstance Name = MySchoolDS Property maxWait is not used in DBCP2 , use maxWaitMillis instead. maxWaitMillis default value is -1. You have set value of "10000" for "maxWait" property, which is being ignored.
09-Jul-2020 06:38:01.679 ADVERTENCIA [main] org.apache.tomcat.dbcp.dbcp2.BasicDataSourceFactory.getObjectInstance Name = InvoiceDemoDS Property maxActive is not used in DBCP2, use maxTotal instead. maxTotal default value is 8. You have set value of "20" for "maxActive" property, which is being ignored.
09-Jul-2020 06:38:01.679 ADVERTENCIA [main] org.apache.tomcat.dbcp.dbcp2.BasicDataSourceFactory.getObjectInstance Name = InvoiceDemoDS Property maxWait is not used in DBCP2 , use maxWaitMillis instead. maxWaitMillis default value is -1. You have set value of "10000" for "maxWait" property, which is being ignored.
09-Jul-2020 06:38:01.973 INFORMACIÓN [main] org.apache.jasper.servlet.TldScanner.scanJars Al menos un JAR, que se ha explorado buscando TLDs, aún no contenía TLDs. Activar historial de depuración para este historiador para una completa lista de los JARs que fueron explorados y de los que nos se halló TLDs. Saltarse JARs no necesarios durante la exploración puede dar lugar a una mejora de tiempo significativa en el arranque y compilación de JSP .
09-Jul-2020 06:38:02.269 INFORMACIÓN [main] org.quartz.impl.StdSchedulerFactory.instantiate Using default implementation for ThreadExecutor
09-Jul-2020 06:38:02.272 INFORMACIÓN [main] org.quartz.simpl.SimpleThreadPool.initialize Job execution threads will use class loader of thread: main
09-Jul-2020 06:38:02.283 INFORMACIÓN [main] org.quartz.core.SchedulerSignalerImpl.<init> Initialized Scheduler Signaller of type: class org.quartz.core.SchedulerSignalerImpl
09-Jul-2020 06:38:02.283 INFORMACIÓN [main] org.quartz.core.QuartzScheduler.<init> Quartz Scheduler v.2.4.0-SNAPSHOT created.
09-Jul-2020 06:38:02.284 INFORMACIÓN [main] org.quartz.simpl.RAMJobStore.initialize RAMJobStore initialized.
09-Jul-2020 06:38:02.284 INFORMACIÓN [main] org.quartz.core.QuartzScheduler.initialize Scheduler meta-data: Quartz Scheduler (v2.4.0-SNAPSHOT) 'DefaultQuartzScheduler' with instanceId 'NON_CLUSTERED'
  Scheduler class: 'org.quartz.core.QuartzScheduler' - running locally.
  NOT STARTED.
  Currently in standby mode.
  Number of jobs executed: 0
  Using thread pool 'org.quartz.simpl.SimpleThreadPool' - with 10 threads.
  Using job-store 'org.quartz.simpl.RAMJobStore' - which does not support persistence. and is not clustered.

09-Jul-2020 06:38:02.284 INFORMACIÓN [main] org.quartz.impl.StdSchedulerFactory.instantiate Quartz scheduler 'DefaultQuartzScheduler' initialized from default resource file in Quartz package: 'quartz.properties'
09-Jul-2020 06:38:02.284 INFORMACIÓN [main] org.quartz.impl.StdSchedulerFactory.instantiate Quartz scheduler version: 2.4.0-SNAPSHOT
09-Jul-2020 06:38:02.285 INFORMACIÓN [main] org.quartz.core.QuartzScheduler.start Scheduler DefaultQuartzScheduler_$_NON_CLUSTERED started.
09-Jul-2020 06:38:02.285 INFORMACIÓN [main] org.openxava.util.Users.contextInitialized Start Scheduler...
09-Jul-2020 06:38:03.538 WARN [main] org.hibernate.jpa.boot.spi.ProviderChecker.hibernateProviderNamesContain HHH015016: Encountered a deprecated javax.persistence.spi.PersistenceProvider [org.hibernate.ejb.HibernatePersistence]; [org.hibernate.jpa.HibernatePersistenceProvider] will be used instead.
09-Jul-2020 06:38:03.605 INFO [main] org.hibernate.jpa.internal.util.LogHelper.logPersistenceUnitInformation HHH000204: Processing PersistenceUnitInfo [
	name: default
	...]
09-Jul-2020 06:38:04.067 INFO [main] org.hibernate.Version.logVersion HHH000412: Hibernate Core {5.3.9.Final}
09-Jul-2020 06:38:04.073 INFO [main] org.hibernate.cfg.Environment.<clinit> HHH000206: hibernate.properties not found
09-Jul-2020 06:38:04.355 INFO [main] org.hibernate.annotations.common.reflection.java.JavaReflectionManager.<clinit> HCANN000001: Hibernate Commons Annotations {5.0.4.Final}
09-Jul-2020 06:38:04.768 WARN [main] org.hibernate.boot.jaxb.internal.stax.LocalXmlResourceResolver.resolveEntity HHH90000012: Recognized obsolete hibernate namespace http://hibernate.sourceforge.net/hibernate-mapping. Use namespace http://www.hibernate.org/dtd/hibernate-mapping instead.  Support for obsolete DTD/XSD namespaces may be removed at any time.
09-Jul-2020 06:38:06.768 INFO [main] org.hibernate.dialect.Dialect.<init> HHH000400: Using dialect: org.hibernate.dialect.PostgreSQLDialect
09-Jul-2020 06:38:09.827 INFO [main] org.hibernate.engine.jdbc.env.internal.LobCreatorBuilderImpl.useContextualLobCreation HHH000424: Disabling contextual LOB creation as createClob() method threw error : java.lang.reflect.InvocationTargetException
09-Jul-2020 06:38:09.852 INFO [main] org.hibernate.type.BasicTypeRegistry.register HHH000270: Type registration [java.util.UUID] overrides previous : org.hibernate.type.UUIDBinaryType@3ea3d6ed
09-Jul-2020 06:38:09.922 INFO [main] org.hibernate.envers.boot.internal.EnversServiceImpl.configure Envers integration enabled? : true
09-Jul-2020 06:38:11.030 WARN [main] org.hibernate.id.UUIDHexGenerator.<init> HHH000409: Using org.hibernate.id.UUIDHexGenerator which does not generate IETF RFC 4122 compliant UUID values; consider using org.hibernate.id.UUIDGenerator instead
09-Jul-2020 06:38:11.417 INFO [main] org.hibernate.validator.internal.util.Version.<clinit> HV000001: Hibernate Validator 6.0.15.Final
09-Jul-2020 06:38:15.707 INFO [main] org.hibernate.hql.internal.QueryTranslatorFactoryInitiator.initiateService HHH000397: Using ASTQueryTranslatorFactory
09-Jul-2020 06:38:15.910 WARN [main] org.hibernate.jpa.boot.spi.ProviderChecker.hibernateProviderNamesContain HHH015016: Encountered a deprecated javax.persistence.spi.PersistenceProvider [org.hibernate.ejb.HibernatePersistence]; [org.hibernate.jpa.HibernatePersistenceProvider] will be used instead.
09-Jul-2020 06:38:15.910 INFO [main] org.hibernate.jpa.internal.util.LogHelper.logPersistenceUnitInformation HHH000204: Processing PersistenceUnitInfo [
	name: default
	...]
09-Jul-2020 06:38:15.972 WARN [main] org.hibernate.boot.jaxb.internal.stax.LocalXmlResourceResolver.resolveEntity HHH90000012: Recognized obsolete hibernate namespace http://hibernate.sourceforge.net/hibernate-mapping. Use namespace http://www.hibernate.org/dtd/hibernate-mapping instead.  Support for obsolete DTD/XSD namespaces may be removed at any time.
09-Jul-2020 06:38:16.114 INFO [main] org.hibernate.dialect.Dialect.<init> HHH000400: Using dialect: org.hibernate.dialect.PostgreSQLDialect
09-Jul-2020 06:38:16.251 INFO [main] org.hibernate.engine.jdbc.env.internal.LobCreatorBuilderImpl.useContextualLobCreation HHH000424: Disabling contextual LOB creation as createClob() method threw error : java.lang.reflect.InvocationTargetException
09-Jul-2020 06:38:16.255 INFO [main] org.hibernate.type.BasicTypeRegistry.register HHH000270: Type registration [java.util.UUID] overrides previous : org.hibernate.type.UUIDBinaryType@3ea3d6ed
09-Jul-2020 06:38:16.257 INFO [main] org.hibernate.envers.boot.internal.EnversServiceImpl.configure Envers integration enabled? : true
09-Jul-2020 06:38:17.489 INFO [main] org.hibernate.hql.internal.QueryTranslatorFactoryInitiator.initiateService HHH000397: Using ASTQueryTranslatorFactory
09-Jul-2020 06:38:18.532 WARN [main] org.hibernate.jpa.boot.spi.ProviderChecker.hibernateProviderNamesContain HHH015016: Encountered a deprecated javax.persistence.spi.PersistenceProvider [org.hibernate.ejb.HibernatePersistence]; [org.hibernate.jpa.HibernatePersistenceProvider] will be used instead.
09-Jul-2020 06:38:18.533 INFO [main] org.hibernate.jpa.internal.util.LogHelper.logPersistenceUnitInformation HHH000204: Processing PersistenceUnitInfo [
	name: default
	...]
09-Jul-2020 06:38:18.570 WARN [main] org.hibernate.boot.jaxb.internal.stax.LocalXmlResourceResolver.resolveEntity HHH90000012: Recognized obsolete hibernate namespace http://hibernate.sourceforge.net/hibernate-mapping. Use namespace http://www.hibernate.org/dtd/hibernate-mapping instead.  Support for obsolete DTD/XSD namespaces may be removed at any time.
09-Jul-2020 06:38:18.748 INFO [main] org.hibernate.dialect.Dialect.<init> HHH000400: Using dialect: org.hibernate.dialect.PostgreSQLDialect
09-Jul-2020 06:38:18.903 INFO [main] org.hibernate.engine.jdbc.env.internal.LobCreatorBuilderImpl.useContextualLobCreation HHH000424: Disabling contextual LOB creation as createClob() method threw error : java.lang.reflect.InvocationTargetException
09-Jul-2020 06:38:18.903 INFO [main] org.hibernate.type.BasicTypeRegistry.register HHH000270: Type registration [java.util.UUID] overrides previous : org.hibernate.type.UUIDBinaryType@3ea3d6ed
09-Jul-2020 06:38:18.904 INFO [main] org.hibernate.envers.boot.internal.EnversServiceImpl.configure Envers integration enabled? : true
09-Jul-2020 06:38:20.558 INFO [main] org.hibernate.hql.internal.QueryTranslatorFactoryInitiator.initiateService HHH000397: Using ASTQueryTranslatorFactory
09-Jul-2020 06:38:20.896 INFORMACIÓN [main] org.openxava.util.Users.contextInitialized MOVILIZA ECUADOR, Tasks: 2
09-Jul-2020 06:38:20.904 INFORMACIÓN [main] org.openxava.util.Users.contextInitialized Add Task, Schema: movilizaec, Task: NOTIFICACIONES POR EMAIL
09-Jul-2020 06:38:20.908 INFORMACIÓN [main] org.openxava.util.Users.contextInitialized Add Task, Schema: movilizaec, Task: NOTIFICACIONES POR WHASTAPP
09-Jul-2020 06:38:20.974 INFORMACIÓN [main] org.openxava.util.Users.contextInitialized DEFAULT, Tasks: 0
09-Jul-2020 06:38:20.991 WARN [main] org.hibernate.jpa.boot.spi.ProviderChecker.hibernateProviderNamesContain HHH015016: Encountered a deprecated javax.persistence.spi.PersistenceProvider [org.hibernate.ejb.HibernatePersistence]; [org.hibernate.jpa.HibernatePersistenceProvider] will be used instead.
09-Jul-2020 06:38:20.992 INFO [main] org.hibernate.jpa.internal.util.LogHelper.logPersistenceUnitInformation HHH000204: Processing PersistenceUnitInfo [
	name: default
	...]
09-Jul-2020 06:38:21.052 WARN [main] org.hibernate.boot.jaxb.internal.stax.LocalXmlResourceResolver.resolveEntity HHH90000012: Recognized obsolete hibernate namespace http://hibernate.sourceforge.net/hibernate-mapping. Use namespace http://www.hibernate.org/dtd/hibernate-mapping instead.  Support for obsolete DTD/XSD namespaces may be removed at any time.
09-Jul-2020 06:38:21.199 INFO [main] org.hibernate.dialect.Dialect.<init> HHH000400: Using dialect: org.hibernate.dialect.PostgreSQLDialect
09-Jul-2020 06:38:21.252 INFO [main] org.hibernate.engine.jdbc.env.internal.LobCreatorBuilderImpl.useContextualLobCreation HHH000424: Disabling contextual LOB creation as createClob() method threw error : java.lang.reflect.InvocationTargetException
09-Jul-2020 06:38:21.253 INFO [main] org.hibernate.type.BasicTypeRegistry.register HHH000270: Type registration [java.util.UUID] overrides previous : org.hibernate.type.UUIDBinaryType@3ea3d6ed
09-Jul-2020 06:38:21.253 INFO [main] org.hibernate.envers.boot.internal.EnversServiceImpl.configure Envers integration enabled? : true
09-Jul-2020 06:38:21.968 INFO [main] org.hibernate.hql.internal.QueryTranslatorFactoryInitiator.initiateService HHH000397: Using ASTQueryTranslatorFactory
09-Jul-2020 06:38:23.161 INFORMACIÓN [main] org.openxava.util.Users.contextInitialized YALOBOX, Tasks: 3
09-Jul-2020 06:38:23.168 INFORMACIÓN [main] org.openxava.util.Users.contextInitialized Add Task, Schema: yalobox, Task: AUTORIZAR TRANSACCIONES
09-Jul-2020 06:38:23.171 INFORMACIÓN [main] org.openxava.util.Users.contextInitialized Add Task, Schema: yalobox, Task: NOTIFICACIONES POR EMAIL
09-Jul-2020 06:38:23.173 INFORMACIÓN [main] org.openxava.util.Users.contextInitialized Add Task, Schema: yalobox, Task: NOTIFICACIONES POR WHASTAPP
09-Jul-2020 06:38:23.184 WARN [main] org.hibernate.jpa.boot.spi.ProviderChecker.hibernateProviderNamesContain HHH015016: Encountered a deprecated javax.persistence.spi.PersistenceProvider [org.hibernate.ejb.HibernatePersistence]; [org.hibernate.jpa.HibernatePersistenceProvider] will be used instead.
09-Jul-2020 06:38:23.184 INFO [main] org.hibernate.jpa.internal.util.LogHelper.logPersistenceUnitInformation HHH000204: Processing PersistenceUnitInfo [
	name: default
	...]
09-Jul-2020 06:38:23.219 WARN [main] org.hibernate.boot.jaxb.internal.stax.LocalXmlResourceResolver.resolveEntity HHH90000012: Recognized obsolete hibernate namespace http://hibernate.sourceforge.net/hibernate-mapping. Use namespace http://www.hibernate.org/dtd/hibernate-mapping instead.  Support for obsolete DTD/XSD namespaces may be removed at any time.
09-Jul-2020 06:38:23.301 INFO [main] org.hibernate.dialect.Dialect.<init> HHH000400: Using dialect: org.hibernate.dialect.PostgreSQLDialect
09-Jul-2020 06:38:23.376 INFO [main] org.hibernate.engine.jdbc.env.internal.LobCreatorBuilderImpl.useContextualLobCreation HHH000424: Disabling contextual LOB creation as createClob() method threw error : java.lang.reflect.InvocationTargetException
09-Jul-2020 06:38:23.377 INFO [main] org.hibernate.type.BasicTypeRegistry.register HHH000270: Type registration [java.util.UUID] overrides previous : org.hibernate.type.UUIDBinaryType@3ea3d6ed
09-Jul-2020 06:38:23.377 INFO [main] org.hibernate.envers.boot.internal.EnversServiceImpl.configure Envers integration enabled? : true
09-Jul-2020 06:38:23.987 INFO [main] org.hibernate.hql.internal.QueryTranslatorFactoryInitiator.initiateService HHH000397: Using ASTQueryTranslatorFactory
09-Jul-2020 06:38:24.352 INFORMACIÓN [main] org.openxava.util.Users.contextInitialized CRESAFE, Tasks: 0
09-Jul-2020 06:38:25.909 ADVERTENCIA [main] org.openxava.controller.meta.xmlparse.ControllersParser.createControllers ¡ADVERTENCIA! Se ha cargado el controlador DefaultListActionsForCollections más de una vez
09-Jul-2020 06:38:28.650 INFORMACIÓN [main] org.directwebremoting.impl.StartupUtil.info DWR Version 2.0.10 starting.
09-Jul-2020 06:38:28.650 INFORMACIÓN [main] org.directwebremoting.impl.StartupUtil.info - Servlet Engine: Apache Tomcat/9.0.13
09-Jul-2020 06:38:28.651 INFORMACIÓN [main] org.directwebremoting.impl.StartupUtil.info - Java Version:   1.8.0_221
09-Jul-2020 06:38:28.651 INFORMACIÓN [main] org.directwebremoting.impl.StartupUtil.info - Java Vendor:    Oracle Corporation
09-Jul-2020 06:38:29.179 INFORMACIÓN [main] org.directwebremoting.dwrp.DefaultConverterManager.info Probably not an issue: org.jdom.Document is not available so the jdom converter will not load. This is only a problem if you wanted to use it.
09-Jul-2020 06:38:29.180 INFORMACIÓN [main] org.directwebremoting.dwrp.DefaultConverterManager.info Probably not an issue: org.jdom.Element is not available so the jdom converter will not load. This is only a problem if you wanted to use it.
09-Jul-2020 06:38:29.205 INFORMACIÓN [main] org.apache.catalina.startup.HostConfig.deployDirectory Deployment of web application directory [/home/lramon/POWERFIN/tomcat/webapps/powerfin] has finished in [62.170] ms
09-Jul-2020 06:38:29.208 INFORMACIÓN [main] org.apache.coyote.AbstractProtocol.start Starting ProtocolHandler ["http-nio-8080"]
09-Jul-2020 06:38:29.216 INFORMACIÓN [main] org.apache.coyote.AbstractProtocol.start Starting ProtocolHandler ["ajp-nio-8009"]
09-Jul-2020 06:38:29.218 INFORMACIÓN [main] org.apache.catalina.startup.Catalina.start Server startup in 62593 ms
09-Jul-2020 06:39:47.521 WARN [http-nio-8080-exec-1] org.hibernate.boot.jaxb.internal.stax.LocalXmlResourceResolver.resolveEntity HHH90000012: Recognized obsolete hibernate namespace http://hibernate.sourceforge.net/hibernate-configuration. Use namespace http://www.hibernate.org/dtd/hibernate-configuration instead.  Support for obsolete DTD/XSD namespaces may be removed at any time.
09-Jul-2020 06:39:47.551 WARN [http-nio-8080-exec-1] org.hibernate.boot.jaxb.internal.stax.LocalXmlResourceResolver.resolveEntity HHH90000012: Recognized obsolete hibernate namespace http://hibernate.sourceforge.net/hibernate-configuration. Use namespace http://www.hibernate.org/dtd/hibernate-configuration instead.  Support for obsolete DTD/XSD namespaces may be removed at any time.
09-Jul-2020 06:39:47.579 INFORMACIÓN [http-nio-8080-exec-1] org.openxava.controller.ModuleManager.<clinit> XavaPro 6.3.1 (2020-4-3)
09-Jul-2020 06:39:48.752 DETALLADO [http-nio-8080-exec-1] org.openxava.controller.ModuleManager.log 0:0:0:0:0:0:0:1 null MODULE:SignIn
09-Jul-2020 06:39:50.621 DETALLADO [http-nio-8080-exec-7] org.openxava.web.dwr.DWRBase.request Tiempo petición=565 ms
09-Jul-2020 06:39:54.871 DETALLADO [http-nio-8080-exec-6] org.openxava.controller.ModuleManager.log 0:0:0:0:0:0:0:1 lramon SignIn.signIn 899ms
09-Jul-2020 06:39:54.874 DETALLADO [http-nio-8080-exec-6] org.openxava.web.dwr.DWRBase.request Tiempo petición=906 ms
09-Jul-2020 06:39:56.263 ADVERTENCIA [http-nio-8080-exec-9] org.openxava.component.parse.AnnotatedClassParser.isForView Ambos forViews y notForViews han sido especificadas. Solo una de ellas es posible, por tanto notForViews se ignora
09-Jul-2020 06:39:56.269 ADVERTENCIA [http-nio-8080-exec-9] org.openxava.component.parse.AnnotatedClassParser.isForView Ambos forViews y notForViews han sido especificadas. Solo una de ellas es posible, por tanto notForViews se ignora
09-Jul-2020 06:39:56.269 ADVERTENCIA [http-nio-8080-exec-9] org.openxava.component.parse.AnnotatedClassParser.isForView Ambos forViews y notForViews han sido especificadas. Solo una de ellas es posible, por tanto notForViews se ignora
09-Jul-2020 06:39:56.269 ADVERTENCIA [http-nio-8080-exec-9] org.openxava.component.parse.AnnotatedClassParser.isForView Ambos forViews y notForViews han sido especificadas. Solo una de ellas es posible, por tanto notForViews se ignora
09-Jul-2020 06:39:56.270 ADVERTENCIA [http-nio-8080-exec-9] org.openxava.component.parse.AnnotatedClassParser.isForView Ambos forViews y notForViews han sido especificadas. Solo una de ellas es posible, por tanto notForViews se ignora
09-Jul-2020 06:39:56.270 ADVERTENCIA [http-nio-8080-exec-9] org.openxava.component.parse.AnnotatedClassParser.isForView Ambos forViews y notForViews han sido especificadas. Solo una de ellas es posible, por tanto notForViews se ignora
09-Jul-2020 06:39:56.270 ADVERTENCIA [http-nio-8080-exec-9] org.openxava.component.parse.AnnotatedClassParser.isForView Ambos forViews y notForViews han sido especificadas. Solo una de ellas es posible, por tanto notForViews se ignora
09-Jul-2020 06:39:56.270 ADVERTENCIA [http-nio-8080-exec-9] org.openxava.component.parse.AnnotatedClassParser.isForView Ambos forViews y notForViews han sido especificadas. Solo una de ellas es posible, por tanto notForViews se ignora
09-Jul-2020 06:39:56.271 ADVERTENCIA [http-nio-8080-exec-9] org.openxava.component.parse.AnnotatedClassParser.isForView Ambos forViews y notForViews han sido especificadas. Solo una de ellas es posible, por tanto notForViews se ignora
09-Jul-2020 06:39:56.271 ADVERTENCIA [http-nio-8080-exec-9] org.openxava.component.parse.AnnotatedClassParser.isForView Ambos forViews y notForViews han sido especificadas. Solo una de ellas es posible, por tanto notForViews se ignora
09-Jul-2020 06:39:56.272 ADVERTENCIA [http-nio-8080-exec-9] org.openxava.component.parse.AnnotatedClassParser.isForView Ambos forViews y notForViews han sido especificadas. Solo una de ellas es posible, por tanto notForViews se ignora
09-Jul-2020 06:39:56.272 ADVERTENCIA [http-nio-8080-exec-9] org.openxava.component.parse.AnnotatedClassParser.isForView Ambos forViews y notForViews han sido especificadas. Solo una de ellas es posible, por tanto notForViews se ignora
09-Jul-2020 06:39:56.272 ADVERTENCIA [http-nio-8080-exec-9] org.openxava.component.parse.AnnotatedClassParser.isForView Ambos forViews y notForViews han sido especificadas. Solo una de ellas es posible, por tanto notForViews se ignora
09-Jul-2020 06:39:56.272 ADVERTENCIA [http-nio-8080-exec-9] org.openxava.component.parse.AnnotatedClassParser.isForView Ambos forViews y notForViews han sido especificadas. Solo una de ellas es posible, por tanto notForViews se ignora
09-Jul-2020 06:39:56.273 ADVERTENCIA [http-nio-8080-exec-9] org.openxava.component.parse.AnnotatedClassParser.isForView Ambos forViews y notForViews han sido especificadas. Solo una de ellas es posible, por tanto notForViews se ignora
09-Jul-2020 06:39:56.273 ADVERTENCIA [http-nio-8080-exec-9] org.openxava.component.parse.AnnotatedClassParser.isForView Ambos forViews y notForViews han sido especificadas. Solo una de ellas es posible, por tanto notForViews se ignora
09-Jul-2020 06:39:56.273 ADVERTENCIA [http-nio-8080-exec-9] org.openxava.component.parse.AnnotatedClassParser.isForView Ambos forViews y notForViews han sido especificadas. Solo una de ellas es posible, por tanto notForViews se ignora
09-Jul-2020 06:39:56.273 ADVERTENCIA [http-nio-8080-exec-9] org.openxava.component.parse.AnnotatedClassParser.isForView Ambos forViews y notForViews han sido especificadas. Solo una de ellas es posible, por tanto notForViews se ignora
09-Jul-2020 06:39:56.273 ADVERTENCIA [http-nio-8080-exec-9] org.openxava.component.parse.AnnotatedClassParser.isForView Ambos forViews y notForViews han sido especificadas. Solo una de ellas es posible, por tanto notForViews se ignora
09-Jul-2020 06:39:56.274 ADVERTENCIA [http-nio-8080-exec-9] org.openxava.component.parse.AnnotatedClassParser.isForView Ambos forViews y notForViews han sido especificadas. Solo una de ellas es posible, por tanto notForViews se ignora
09-Jul-2020 06:39:56.274 ADVERTENCIA [http-nio-8080-exec-9] org.openxava.component.parse.AnnotatedClassParser.isForView Ambos forViews y notForViews han sido especificadas. Solo una de ellas es posible, por tanto notForViews se ignora
09-Jul-2020 06:39:56.274 ADVERTENCIA [http-nio-8080-exec-9] org.openxava.component.parse.AnnotatedClassParser.isForView Ambos forViews y notForViews han sido especificadas. Solo una de ellas es posible, por tanto notForViews se ignora
09-Jul-2020 06:39:56.274 ADVERTENCIA [http-nio-8080-exec-9] org.openxava.component.parse.AnnotatedClassParser.isForView Ambos forViews y notForViews han sido especificadas. Solo una de ellas es posible, por tanto notForViews se ignora
09-Jul-2020 06:39:56.274 ADVERTENCIA [http-nio-8080-exec-9] org.openxava.component.parse.AnnotatedClassParser.isForView Ambos forViews y notForViews han sido especificadas. Solo una de ellas es posible, por tanto notForViews se ignora
09-Jul-2020 06:39:56.274 ADVERTENCIA [http-nio-8080-exec-9] org.openxava.component.parse.AnnotatedClassParser.isForView Ambos forViews y notForViews han sido especificadas. Solo una de ellas es posible, por tanto notForViews se ignora
09-Jul-2020 06:39:56.275 ADVERTENCIA [http-nio-8080-exec-9] org.openxava.component.parse.AnnotatedClassParser.isForView Ambos forViews y notForViews han sido especificadas. Solo una de ellas es posible, por tanto notForViews se ignora
09-Jul-2020 06:39:56.407 ADVERTENCIA [http-nio-8080-exec-9] org.openxava.controller.ModuleManager.setModeControllerName DetailList ya no está soportado. Usaremos el controlador Mode en su lugar
09-Jul-2020 06:40:00.985 DETALLADO [http-nio-8080-exec-9] org.openxava.controller.ModuleManager.log 0:0:0:0:0:0:0:1 lramon MODULE:AuthorizeTXCreditNotePurchase
09-Jul-2020 06:40:02.326 DETALLADO [http-nio-8080-exec-3] org.openxava.tab.impl.JPATabProvider.nextBlock [JPATabProvider.nextBlock] Ejecutando SELECT e.transactionId, e_creditAccount_person.name, e.voucher, e.creditAccount.accountId, e_creditAccount.code, e_creditAccount_branch.name, e.currency.currencyId, e.value, e_transactionStatus.name, e.accountingDate from Transaction e left join e.creditAccount e_creditAccount left join e_creditAccount.person e_creditAccount_person left join e.creditAccount e_creditAccount left join e.creditAccount e_creditAccount left join e_creditAccount.branch e_creditAccount_branch left join e.transactionStatus e_transactionStatus where e.transactionStatus.transactionStatusId = '001' and e.transactionModule.transactionModuleId = 'CREDITNOTEPURCHASE' con argumentos 
09-Jul-2020 06:40:04.535 DETALLADO [http-nio-8080-exec-3] org.openxava.tab.impl.TableModelBean.getRow nextChunk=2299
09-Jul-2020 06:40:08.814 DETALLADO [http-nio-8080-exec-3] org.openxava.tab.impl.JPATabProvider.nextBlock [JPATabProvider.nextBlock] Ejecutando SELECT e.currencyId, e.currencyId, e.currencyId, e.name from Currency e con argumentos 
09-Jul-2020 06:40:08.816 DETALLADO [http-nio-8080-exec-3] org.openxava.tab.impl.TableModelBean.getRow nextChunk=4
09-Jul-2020 06:40:08.862 DETALLADO [http-nio-8080-exec-3] org.openxava.tab.impl.JPATabProvider.nextBlock [JPATabProvider.nextBlock] Ejecutando SELECT e.transactionStatusId, e.transactionStatusId, e.name, e.transactionStatusId from TransactionStatus e WHERE e.transactionStatusId IN ('001','002','003') ORDER BY transactionStatusId con argumentos 
09-Jul-2020 06:40:08.864 DETALLADO [http-nio-8080-exec-3] org.openxava.tab.impl.TableModelBean.getRow nextChunk=7
09-Jul-2020 06:40:09.145 DETALLADO [http-nio-8080-exec-3] org.openxava.tab.impl.JPATabProvider.nextBlock [JPATabProvider.nextBlock] Ejecutando SELECT e.accountStatusId, e.accountStatusId, e.name from AccountStatus e con argumentos 
09-Jul-2020 06:40:09.146 DETALLADO [http-nio-8080-exec-3] org.openxava.tab.impl.TableModelBean.getRow nextChunk=3
09-Jul-2020 06:40:09.152 DETALLADO [http-nio-8080-exec-3] org.openxava.tab.impl.JPATabProvider.nextBlock [JPATabProvider.nextBlock] Ejecutando SELECT e.branchId, e.branchId, e.branchId, e.name from Branch e con argumentos 
09-Jul-2020 06:40:09.153 DETALLADO [http-nio-8080-exec-3] org.openxava.tab.impl.TableModelBean.getRow nextChunk=2
09-Jul-2020 06:40:09.269 DETALLADO [http-nio-8080-exec-3] org.openxava.web.dwr.DWRBase.request Tiempo petición=7169 ms
09-Jul-2020 06:40:20.396 DETALLADO [http-nio-8080-exec-2] org.openxava.controller.ModuleManager.log 0:0:0:0:0:0:0:1 lramon MODULE:AuthorizeTXCreditNotePurchase
09-Jul-2020 06:40:20.913 DETALLADO [http-nio-8080-exec-2] org.openxava.web.dwr.DWRBase.request Tiempo petición=315 ms
09-Jul-2020 06:40:32.389 DETALLADO [http-nio-8080-exec-7] org.openxava.controller.ModuleManager.log 0:0:0:0:0:0:0:1 lramon Sections.change 14ms
09-Jul-2020 06:40:32.584 DETALLADO [http-nio-8080-exec-7] org.openxava.tab.impl.JPATabProvider.nextBlock [JPATabProvider.nextBlock] Ejecutando SELECT e.accountInvoiceDetailId, e.accountDetail.accountId, e_accountDetail.name, e.taxPercentage, e.quantity, e.unitPrice, e.discount, e.dueDate, e.taxSpecialConsumption, e.taxRedeemable, e.amount from AccountInvoiceDetail e left join e.accountDetail e_accountDetail WHERE e.accountInvoice.accountId = :p0 con argumentos NCC000049
09-Jul-2020 06:40:32.708 DETALLADO [http-nio-8080-exec-7] org.openxava.tab.impl.TableModelBean.getRow nextChunk=126
09-Jul-2020 06:40:33.077 DETALLADO [http-nio-8080-exec-7] org.openxava.web.dwr.DWRBase.request Tiempo petición=709 ms
09-Jul-2020 10:16:41.606 DETALLADO [http-nio-8080-exec-2] org.openxava.controller.ModuleManager.log 0:0:0:0:0:0:0:1 null MODULE:SignIn
09-Jul-2020 10:16:41.850 DETALLADO [http-nio-8080-exec-6] org.openxava.web.dwr.DWRBase.request Tiempo petición=14 ms
09-Jul-2020 10:16:42.633 DETALLADO [http-nio-8080-exec-4] org.openxava.controller.ModuleManager.log 0:0:0:0:0:0:0:1 lramon SignIn.signIn 29ms
09-Jul-2020 10:16:42.633 DETALLADO [http-nio-8080-exec-4] org.openxava.web.dwr.DWRBase.request Tiempo petición=34 ms
09-Jul-2020 10:16:42.685 ADVERTENCIA [http-nio-8080-exec-3] org.openxava.controller.ModuleManager.setModeControllerName DetailList ya no está soportado. Usaremos el controlador Mode en su lugar
09-Jul-2020 10:16:42.823 DETALLADO [http-nio-8080-exec-3] org.openxava.controller.ModuleManager.log 0:0:0:0:0:0:0:1 lramon MODULE:AuthorizeTXCreditNotePurchase
09-Jul-2020 10:16:43.214 DETALLADO [http-nio-8080-exec-4] org.openxava.tab.impl.JPATabProvider.nextBlock [JPATabProvider.nextBlock] Ejecutando SELECT e.transactionId, e_creditAccount_person.name, e.voucher, e.creditAccount.accountId, e_creditAccount.code, e_creditAccount_branch.name, e.currency.currencyId, e.value, e_transactionStatus.name, e.accountingDate from Transaction e left join e.creditAccount e_creditAccount left join e_creditAccount.person e_creditAccount_person left join e.creditAccount e_creditAccount left join e.creditAccount e_creditAccount left join e_creditAccount.branch e_creditAccount_branch left join e.transactionStatus e_transactionStatus where e.transactionStatus.transactionStatusId = '001' and e.transactionModule.transactionModuleId = 'CREDITNOTEPURCHASE' con argumentos 
09-Jul-2020 10:16:43.217 DETALLADO [http-nio-8080-exec-4] org.openxava.tab.impl.TableModelBean.getRow nextChunk=2
09-Jul-2020 10:16:43.739 DETALLADO [http-nio-8080-exec-4] org.openxava.tab.impl.JPATabProvider.nextBlock [JPATabProvider.nextBlock] Ejecutando SELECT e.currencyId, e.currencyId, e.currencyId, e.name from Currency e con argumentos 
09-Jul-2020 10:16:43.741 DETALLADO [http-nio-8080-exec-4] org.openxava.tab.impl.TableModelBean.getRow nextChunk=2
09-Jul-2020 10:16:43.762 DETALLADO [http-nio-8080-exec-4] org.openxava.tab.impl.JPATabProvider.nextBlock [JPATabProvider.nextBlock] Ejecutando SELECT e.transactionStatusId, e.transactionStatusId, e.name, e.transactionStatusId from TransactionStatus e WHERE e.transactionStatusId IN ('001','002','003') ORDER BY transactionStatusId con argumentos 
09-Jul-2020 10:16:43.763 DETALLADO [http-nio-8080-exec-4] org.openxava.tab.impl.TableModelBean.getRow nextChunk=1
09-Jul-2020 10:16:43.785 DETALLADO [http-nio-8080-exec-4] org.openxava.tab.impl.JPATabProvider.nextBlock [JPATabProvider.nextBlock] Ejecutando SELECT e.accountStatusId, e.accountStatusId, e.name from AccountStatus e con argumentos 
09-Jul-2020 10:16:43.785 DETALLADO [http-nio-8080-exec-4] org.openxava.tab.impl.TableModelBean.getRow nextChunk=1
09-Jul-2020 10:16:43.788 DETALLADO [http-nio-8080-exec-4] org.openxava.tab.impl.JPATabProvider.nextBlock [JPATabProvider.nextBlock] Ejecutando SELECT e.branchId, e.branchId, e.branchId, e.name from Branch e con argumentos 
09-Jul-2020 10:16:43.789 DETALLADO [http-nio-8080-exec-4] org.openxava.tab.impl.TableModelBean.getRow nextChunk=1
09-Jul-2020 10:16:43.795 DETALLADO [http-nio-8080-exec-4] org.openxava.web.dwr.DWRBase.request Tiempo petición=583 ms
09-Jul-2020 10:16:45.268 DETALLADO [http-nio-8080-exec-8] org.openxava.controller.ModuleManager.log 0:0:0:0:0:0:0:1 lramon Mode.list 2ms
09-Jul-2020 10:16:45.326 DETALLADO [http-nio-8080-exec-8] org.openxava.tab.impl.JPATabProvider.nextBlock [JPATabProvider.nextBlock] Ejecutando SELECT e.branchId, e.branchId, e.name from Branch e con argumentos 
09-Jul-2020 10:16:45.327 DETALLADO [http-nio-8080-exec-8] org.openxava.tab.impl.TableModelBean.getRow nextChunk=2
09-Jul-2020 10:16:45.329 DETALLADO [http-nio-8080-exec-8] org.openxava.tab.impl.JPATabProvider.nextBlock [JPATabProvider.nextBlock] Ejecutando SELECT e.currencyId, e.currencyId, e.currencyId, e.name from Currency e con argumentos 
09-Jul-2020 10:16:45.330 DETALLADO [http-nio-8080-exec-8] org.openxava.tab.impl.TableModelBean.getRow nextChunk=1
09-Jul-2020 10:16:45.333 DETALLADO [http-nio-8080-exec-8] org.openxava.tab.impl.JPATabProvider.nextBlock [JPATabProvider.nextBlock] Ejecutando SELECT e.transactionStatusId, e.transactionStatusId, e.name, e.transactionStatusId from TransactionStatus e WHERE e.transactionStatusId IN ('001','002','003') ORDER BY transactionStatusId con argumentos 
09-Jul-2020 10:16:45.334 DETALLADO [http-nio-8080-exec-8] org.openxava.tab.impl.TableModelBean.getRow nextChunk=1
09-Jul-2020 10:16:45.335 DETALLADO [http-nio-8080-exec-8] org.openxava.tab.impl.JPATabProvider.nextBlock [JPATabProvider.nextBlock] Ejecutando SELECT e.transactionId, e_creditAccount_person.name, e.voucher, e.creditAccount.accountId, e_creditAccount.code, e_creditAccount_branch.name, e.currency.currencyId, e.value, e_transactionStatus.name, e.accountingDate from Transaction e left join e.creditAccount e_creditAccount left join e_creditAccount.person e_creditAccount_person left join e.creditAccount e_creditAccount left join e.creditAccount e_creditAccount left join e_creditAccount.branch e_creditAccount_branch left join e.transactionStatus e_transactionStatus where e.transactionStatus.transactionStatusId = '001' and e.transactionModule.transactionModuleId = 'CREDITNOTEPURCHASE' con argumentos 
09-Jul-2020 10:16:45.339 DETALLADO [http-nio-8080-exec-8] org.openxava.tab.impl.TableModelBean.getRow nextChunk=4
09-Jul-2020 10:16:45.382 DETALLADO [http-nio-8080-exec-8] org.openxava.web.dwr.DWRBase.request Tiempo petición=121 ms
09-Jul-2020 10:16:48.302 ADVERTENCIA [http-nio-8080-exec-1] org.openxava.controller.ModuleManager.setPropertyValues ¡ADVERTENCIA! No es posible asignar valor a una propiedad de una acción: Se requiere formato nombre=valor,nombre=valor o nombre(valor),nombre(valor)
09-Jul-2020 10:16:48.316 DETALLADO [http-nio-8080-exec-1] org.openxava.controller.ModuleManager.log 0:0:0:0:0:0:0:1 lramon List.filter 14ms
09-Jul-2020 10:16:48.335 DETALLADO [http-nio-8080-exec-1] org.openxava.tab.impl.JPATabProvider.nextBlock [JPATabProvider.nextBlock] Ejecutando SELECT e.branchId, e.branchId, e.name from Branch e con argumentos 
09-Jul-2020 10:16:48.336 DETALLADO [http-nio-8080-exec-1] org.openxava.tab.impl.TableModelBean.getRow nextChunk=0
09-Jul-2020 10:16:48.338 DETALLADO [http-nio-8080-exec-1] org.openxava.tab.impl.JPATabProvider.nextBlock [JPATabProvider.nextBlock] Ejecutando SELECT e.currencyId, e.currencyId, e.currencyId, e.name from Currency e con argumentos 
09-Jul-2020 10:16:48.338 DETALLADO [http-nio-8080-exec-1] org.openxava.tab.impl.TableModelBean.getRow nextChunk=1
09-Jul-2020 10:16:48.340 DETALLADO [http-nio-8080-exec-1] org.openxava.tab.impl.JPATabProvider.nextBlock [JPATabProvider.nextBlock] Ejecutando SELECT e.transactionStatusId, e.transactionStatusId, e.name, e.transactionStatusId from TransactionStatus e WHERE e.transactionStatusId IN ('001','002','003') ORDER BY transactionStatusId con argumentos 
09-Jul-2020 10:16:48.341 DETALLADO [http-nio-8080-exec-1] org.openxava.tab.impl.TableModelBean.getRow nextChunk=1
09-Jul-2020 10:16:48.348 DETALLADO [http-nio-8080-exec-1] org.openxava.tab.impl.JPATabProvider.nextBlock [JPATabProvider.nextBlock] Ejecutando SELECT e.transactionId, e_creditAccount_person.name, e.voucher, e.creditAccount.accountId, e_creditAccount.code, e_creditAccount_branch.name, e.currency.currencyId, e.value, e_transactionStatus.name, e.accountingDate from Transaction e left join e.creditAccount e_creditAccount left join e_creditAccount.person e_creditAccount_person left join e.creditAccount e_creditAccount left join e.creditAccount e_creditAccount left join e_creditAccount.branch e_creditAccount_branch left join e.transactionStatus e_transactionStatus where e.transactionStatus.transactionStatusId = '001' and e.transactionModule.transactionModuleId = 'CREDITNOTEPURCHASE' AND upper(replace(replace(replace(replace(replace(replace(replace(replace(replace(replace(e.creditAccount.accountId, 'Ú', 'U'), 'ú', 'u'), 'Ó', 'O'), 'ó', 'o'), 'Í', 'I'), 'í', 'i'), 'É', 'E'), 'é', 'e'), 'Á', 'A'), 'á', 'a')) like :p0 con argumentos %NCC000048%
09-Jul-2020 10:16:48.352 DETALLADO [http-nio-8080-exec-1] org.openxava.tab.impl.TableModelBean.getRow nextChunk=9
09-Jul-2020 10:16:48.361 DETALLADO [http-nio-8080-exec-1] org.openxava.web.dwr.DWRBase.request Tiempo petición=60 ms
09-Jul-2020 10:16:50.603 DETALLADO [http-nio-8080-exec-7] org.openxava.controller.ModuleManager.log 0:0:0:0:0:0:0:1 lramon List.viewDetail 617ms
09-Jul-2020 10:16:50.657 DETALLADO [http-nio-8080-exec-7] org.openxava.web.dwr.DWRBase.request Tiempo petición=676 ms
09-Jul-2020 10:16:53.071 DETALLADO [http-nio-8080-exec-10] org.openxava.controller.ModuleManager.log 0:0:0:0:0:0:0:1 lramon Sections.change 1ms
09-Jul-2020 10:16:53.100 DETALLADO [http-nio-8080-exec-10] org.openxava.tab.impl.JPATabProvider.nextBlock [JPATabProvider.nextBlock] Ejecutando SELECT e.accountInvoiceDetailId, e.accountDetail.accountId, e_accountDetail.name, e.taxPercentage, e.quantity, e.unitPrice, e.discount, e.dueDate, e.taxSpecialConsumption, e.taxRedeemable, e.amount from AccountInvoiceDetail e left join e.accountDetail e_accountDetail WHERE e.accountInvoice.accountId = :p0 con argumentos NCC000048
09-Jul-2020 10:16:53.175 DETALLADO [http-nio-8080-exec-10] org.openxava.tab.impl.TableModelBean.getRow nextChunk=75
09-Jul-2020 10:16:53.380 DETALLADO [http-nio-8080-exec-10] org.openxava.web.dwr.DWRBase.request Tiempo petición=314 ms
09-Jul-2020 10:16:57.803 DETALLADO [http-nio-8080-exec-3] org.openxava.controller.ModuleManager.log 0:0:0:0:0:0:0:1 lramon List.orderBy 65ms
09-Jul-2020 10:16:57.822 DETALLADO [http-nio-8080-exec-3] org.openxava.tab.impl.JPATabProvider.nextBlock [JPATabProvider.nextBlock] Ejecutando SELECT e.accountInvoiceDetailId, e.accountDetail.accountId, e_accountDetail.name, e.taxPercentage, e.quantity, e.unitPrice, e.discount, e.dueDate, e.taxSpecialConsumption, e.taxRedeemable, e.amount from AccountInvoiceDetail e left join e.accountDetail e_accountDetail WHERE e.accountInvoice.accountId = :p0 order by e.amount asc con argumentos NCC000048
09-Jul-2020 10:16:57.824 DETALLADO [http-nio-8080-exec-3] org.openxava.tab.impl.TableModelBean.getRow nextChunk=4
09-Jul-2020 10:16:58.016 DETALLADO [http-nio-8080-exec-3] org.openxava.web.dwr.DWRBase.request Tiempo petición=281 ms
09-Jul-2020 10:16:59.169 DETALLADO [http-nio-8080-exec-5] org.openxava.controller.ModuleManager.log 0:0:0:0:0:0:0:1 lramon List.orderBy 1ms
09-Jul-2020 10:16:59.188 DETALLADO [http-nio-8080-exec-5] org.openxava.tab.impl.JPATabProvider.nextBlock [JPATabProvider.nextBlock] Ejecutando SELECT e.accountInvoiceDetailId, e.accountDetail.accountId, e_accountDetail.name, e.taxPercentage, e.quantity, e.unitPrice, e.discount, e.dueDate, e.taxSpecialConsumption, e.taxRedeemable, e.amount from AccountInvoiceDetail e left join e.accountDetail e_accountDetail WHERE e.accountInvoice.accountId = :p0 order by e.amount desc con argumentos NCC000048
09-Jul-2020 10:16:59.189 DETALLADO [http-nio-8080-exec-5] org.openxava.tab.impl.TableModelBean.getRow nextChunk=3
09-Jul-2020 10:16:59.364 DETALLADO [http-nio-8080-exec-5] org.openxava.web.dwr.DWRBase.request Tiempo petición=198 ms
09-Jul-2020 10:17:04.229 DETALLADO [http-nio-8080-exec-9] org.openxava.controller.ModuleManager.log 0:0:0:0:0:0:0:1 lramon Collection.view 1841ms
09-Jul-2020 10:17:04.301 DETALLADO [http-nio-8080-exec-9] org.openxava.tab.impl.JPATabProvider.nextBlock [JPATabProvider.nextBlock] Ejecutando SELECT e.unitMeasure, e.unitMeasure, e.name from UnitMeasure e con argumentos 
09-Jul-2020 10:17:04.303 DETALLADO [http-nio-8080-exec-9] org.openxava.tab.impl.TableModelBean.getRow nextChunk=3
09-Jul-2020 10:17:04.971 DETALLADO [http-nio-8080-exec-9] org.openxava.tab.impl.JPATabProvider.nextBlock [JPATabProvider.nextBlock] Ejecutando SELECT e.branchId, e.branchId, e.name from Branch e con argumentos 
09-Jul-2020 10:17:04.971 DETALLADO [http-nio-8080-exec-9] org.openxava.tab.impl.TableModelBean.getRow nextChunk=1
09-Jul-2020 10:17:04.974 DETALLADO [http-nio-8080-exec-9] org.openxava.web.dwr.DWRBase.request Tiempo petición=2589 ms
09-Jul-2020 10:17:06.967 DETALLADO [http-nio-8080-exec-5] org.openxava.controller.ModuleManager.log 0:0:0:0:0:0:0:1 lramon Dialog.cancel 2ms
09-Jul-2020 10:17:07.042 DETALLADO [http-nio-8080-exec-5] org.openxava.tab.impl.JPATabProvider.nextBlock [JPATabProvider.nextBlock] Ejecutando SELECT e.accountInvoiceDetailId, e.accountDetail.accountId, e_accountDetail.name, e.taxPercentage, e.quantity, e.unitPrice, e.discount, e.dueDate, e.taxSpecialConsumption, e.taxRedeemable, e.amount from AccountInvoiceDetail e left join e.accountDetail e_accountDetail WHERE e.accountInvoice.accountId = :p0 order by e.amount desc con argumentos NCC000048
09-Jul-2020 10:17:07.045 DETALLADO [http-nio-8080-exec-5] org.openxava.tab.impl.TableModelBean.getRow nextChunk=3
09-Jul-2020 10:17:07.262 DETALLADO [http-nio-8080-exec-5] org.openxava.web.dwr.DWRBase.request Tiempo petición=300 ms
09-Jul-2020 16:47:30.323 INFORMACIÓN [Thread-5] org.apache.coyote.AbstractProtocol.pause Pausing ProtocolHandler ["http-nio-8080"]
09-Jul-2020 16:47:30.477 INFORMACIÓN [Thread-5] org.apache.coyote.AbstractProtocol.pause Pausing ProtocolHandler ["ajp-nio-8009"]
09-Jul-2020 16:47:30.488 INFORMACIÓN [Thread-5] org.apache.catalina.core.StandardService.stopInternal Parando servicio [Catalina]
09-Jul-2020 16:47:30.801 INFORMACIÓN [Thread-5] org.quartz.core.QuartzScheduler.shutdown Scheduler DefaultQuartzScheduler_$_NON_CLUSTERED shutting down.
09-Jul-2020 16:47:30.802 INFORMACIÓN [Thread-5] org.quartz.core.QuartzScheduler.standby Scheduler DefaultQuartzScheduler_$_NON_CLUSTERED paused.
09-Jul-2020 16:47:31.028 INFORMACIÓN [Thread-5] org.quartz.core.QuartzScheduler.shutdown Scheduler DefaultQuartzScheduler_$_NON_CLUSTERED shutdown complete.
09-Jul-2020 16:47:31.165 GRAVE [Thread-5] org.apache.catalina.loader.WebappClassLoaderBase.checkThreadLocalMapForLeaks La aplicación web [powerfin] creó un ThreadLocal con clave del tipo [java.lang.ThreadLocal] (valor [java.lang.ThreadLocal@6e6f6923]) y un valor del tipo [org.openxava.util.EmailNotifications.ModuleInfo] (valor [org.openxava.util.EmailNotifications$ModuleInfo@69297525]) pero no pudo quitarlo cuando la aplicación web se paró. Los hilos se van a renovar con el tiempo para intentar evitar in posible fallo de memoria.
09-Jul-2020 16:47:31.170 GRAVE [Thread-5] org.apache.catalina.loader.WebappClassLoaderBase.checkThreadLocalMapForLeaks La aplicación web [powerfin] creó un ThreadLocal con clave del tipo [java.lang.ThreadLocal] (valor [java.lang.ThreadLocal@1faec647]) y un valor del tipo [org.openxava.util.UserInfo] (valor [org.openxava.util.UserInfo@36f8ccdd]) pero no pudo quitarlo cuando la aplicación web se paró. Los hilos se van a renovar con el tiempo para intentar evitar in posible fallo de memoria.
09-Jul-2020 16:47:31.172 GRAVE [Thread-5] org.apache.catalina.loader.WebappClassLoaderBase.checkThreadLocalMapForLeaks La aplicación web [powerfin] creó un ThreadLocal con clave del tipo [java.lang.ThreadLocal] (valor [java.lang.ThreadLocal@6e6f6923]) y un valor del tipo [org.openxava.util.EmailNotifications.ModuleInfo] (valor [org.openxava.util.EmailNotifications$ModuleInfo@2cac2584]) pero no pudo quitarlo cuando la aplicación web se paró. Los hilos se van a renovar con el tiempo para intentar evitar in posible fallo de memoria.
09-Jul-2020 16:47:31.174 GRAVE [Thread-5] org.apache.catalina.loader.WebappClassLoaderBase.checkThreadLocalMapForLeaks La aplicación web [powerfin] creó un ThreadLocal con clave del tipo [java.lang.ThreadLocal] (valor [java.lang.ThreadLocal@6e6f6923]) y un valor del tipo [org.openxava.util.EmailNotifications.ModuleInfo] (valor [org.openxava.util.EmailNotifications$ModuleInfo@250f944a]) pero no pudo quitarlo cuando la aplicación web se paró. Los hilos se van a renovar con el tiempo para intentar evitar in posible fallo de memoria.
09-Jul-2020 16:47:31.175 GRAVE [Thread-5] org.apache.catalina.loader.WebappClassLoaderBase.checkThreadLocalMapForLeaks La aplicación web [powerfin] creó un ThreadLocal con clave del tipo [java.lang.ThreadLocal] (valor [java.lang.ThreadLocal@1faec647]) y un valor del tipo [org.openxava.util.UserInfo] (valor [org.openxava.util.UserInfo@36f8ccdd]) pero no pudo quitarlo cuando la aplicación web se paró. Los hilos se van a renovar con el tiempo para intentar evitar in posible fallo de memoria.
09-Jul-2020 16:47:31.178 GRAVE [Thread-5] org.apache.catalina.loader.WebappClassLoaderBase.checkThreadLocalMapForLeaks La aplicación web [powerfin] creó un ThreadLocal con clave del tipo [java.lang.ThreadLocal] (valor [java.lang.ThreadLocal@6e6f6923]) y un valor del tipo [org.openxava.util.EmailNotifications.ModuleInfo] (valor [org.openxava.util.EmailNotifications$ModuleInfo@29f8022d]) pero no pudo quitarlo cuando la aplicación web se paró. Los hilos se van a renovar con el tiempo para intentar evitar in posible fallo de memoria.
09-Jul-2020 16:47:31.179 GRAVE [Thread-5] org.apache.catalina.loader.WebappClassLoaderBase.checkThreadLocalMapForLeaks La aplicación web [powerfin] creó un ThreadLocal con clave del tipo [java.lang.ThreadLocal] (valor [java.lang.ThreadLocal@1faec647]) y un valor del tipo [org.openxava.util.UserInfo] (valor [org.openxava.util.UserInfo@36f8ccdd]) pero no pudo quitarlo cuando la aplicación web se paró. Los hilos se van a renovar con el tiempo para intentar evitar in posible fallo de memoria.
09-Jul-2020 16:47:31.181 GRAVE [Thread-5] org.apache.catalina.loader.WebappClassLoaderBase.checkThreadLocalMapForLeaks La aplicación web [powerfin] creó un ThreadLocal con clave del tipo [java.lang.ThreadLocal] (valor [java.lang.ThreadLocal@6e6f6923]) y un valor del tipo [org.openxava.util.EmailNotifications.ModuleInfo] (valor [org.openxava.util.EmailNotifications$ModuleInfo@2ba596a0]) pero no pudo quitarlo cuando la aplicación web se paró. Los hilos se van a renovar con el tiempo para intentar evitar in posible fallo de memoria.
09-Jul-2020 16:47:31.182 GRAVE [Thread-5] org.apache.catalina.loader.WebappClassLoaderBase.checkThreadLocalMapForLeaks La aplicación web [powerfin] creó un ThreadLocal con clave del tipo [java.lang.ThreadLocal] (valor [java.lang.ThreadLocal@1faec647]) y un valor del tipo [org.openxava.util.UserInfo] (valor [org.openxava.util.UserInfo@36f8ccdd]) pero no pudo quitarlo cuando la aplicación web se paró. Los hilos se van a renovar con el tiempo para intentar evitar in posible fallo de memoria.
09-Jul-2020 16:47:31.185 GRAVE [Thread-5] org.apache.catalina.loader.WebappClassLoaderBase.checkThreadLocalMapForLeaks La aplicación web [powerfin] creó un ThreadLocal con clave del tipo [java.lang.ThreadLocal] (valor [java.lang.ThreadLocal@6e6f6923]) y un valor del tipo [org.openxava.util.EmailNotifications.ModuleInfo] (valor [org.openxava.util.EmailNotifications$ModuleInfo@3f1c6306]) pero no pudo quitarlo cuando la aplicación web se paró. Los hilos se van a renovar con el tiempo para intentar evitar in posible fallo de memoria.
09-Jul-2020 16:47:31.187 GRAVE [Thread-5] org.apache.catalina.loader.WebappClassLoaderBase.checkThreadLocalMapForLeaks La aplicación web [powerfin] creó un ThreadLocal con clave del tipo [java.lang.ThreadLocal] (valor [java.lang.ThreadLocal@6e6f6923]) y un valor del tipo [org.openxava.util.EmailNotifications.ModuleInfo] (valor [org.openxava.util.EmailNotifications$ModuleInfo@569ce7a2]) pero no pudo quitarlo cuando la aplicación web se paró. Los hilos se van a renovar con el tiempo para intentar evitar in posible fallo de memoria.
09-Jul-2020 16:47:31.189 GRAVE [Thread-5] org.apache.catalina.loader.WebappClassLoaderBase.checkThreadLocalMapForLeaks La aplicación web [powerfin] creó un ThreadLocal con clave del tipo [java.lang.ThreadLocal] (valor [java.lang.ThreadLocal@1faec647]) y un valor del tipo [org.openxava.util.UserInfo] (valor [org.openxava.util.UserInfo@36f8ccdd]) pero no pudo quitarlo cuando la aplicación web se paró. Los hilos se van a renovar con el tiempo para intentar evitar in posible fallo de memoria.
09-Jul-2020 16:47:31.190 GRAVE [Thread-5] org.apache.catalina.loader.WebappClassLoaderBase.checkThreadLocalMapForLeaks La aplicación web [powerfin] creó un ThreadLocal con clave del tipo [java.lang.ThreadLocal] (valor [java.lang.ThreadLocal@6e6f6923]) y un valor del tipo [org.openxava.util.EmailNotifications.ModuleInfo] (valor [org.openxava.util.EmailNotifications$ModuleInfo@510b6b47]) pero no pudo quitarlo cuando la aplicación web se paró. Los hilos se van a renovar con el tiempo para intentar evitar in posible fallo de memoria.
09-Jul-2020 16:47:31.192 GRAVE [Thread-5] org.apache.catalina.loader.WebappClassLoaderBase.checkThreadLocalMapForLeaks La aplicación web [powerfin] creó un ThreadLocal con clave del tipo [java.lang.ThreadLocal] (valor [java.lang.ThreadLocal@1faec647]) y un valor del tipo [org.openxava.util.UserInfo] (valor [org.openxava.util.UserInfo@36f8ccdd]) pero no pudo quitarlo cuando la aplicación web se paró. Los hilos se van a renovar con el tiempo para intentar evitar in posible fallo de memoria.
09-Jul-2020 16:47:31.193 GRAVE [Thread-5] org.apache.catalina.loader.WebappClassLoaderBase.checkThreadLocalMapForLeaks La aplicación web [powerfin] creó un ThreadLocal con clave del tipo [java.lang.ThreadLocal] (valor [java.lang.ThreadLocal@6e6f6923]) y un valor del tipo [org.openxava.util.EmailNotifications.ModuleInfo] (valor [org.openxava.util.EmailNotifications$ModuleInfo@77f7059d]) pero no pudo quitarlo cuando la aplicación web se paró. Los hilos se van a renovar con el tiempo para intentar evitar in posible fallo de memoria.
09-Jul-2020 16:47:31.195 GRAVE [Thread-5] org.apache.catalina.loader.WebappClassLoaderBase.checkThreadLocalMapForLeaks La aplicación web [powerfin] creó un ThreadLocal con clave del tipo [java.lang.ThreadLocal] (valor [java.lang.ThreadLocal@1faec647]) y un valor del tipo [org.openxava.util.UserInfo] (valor [org.openxava.util.UserInfo@36f8ccdd]) pero no pudo quitarlo cuando la aplicación web se paró. Los hilos se van a renovar con el tiempo para intentar evitar in posible fallo de memoria.
09-Jul-2020 16:47:31.196 GRAVE [Thread-5] org.apache.catalina.loader.WebappClassLoaderBase.checkThreadLocalMapForLeaks La aplicación web [powerfin] creó un ThreadLocal con clave del tipo [java.lang.ThreadLocal] (valor [java.lang.ThreadLocal@6e6f6923]) y un valor del tipo [org.openxava.util.EmailNotifications.ModuleInfo] (valor [org.openxava.util.EmailNotifications$ModuleInfo@2b2f4c36]) pero no pudo quitarlo cuando la aplicación web se paró. Los hilos se van a renovar con el tiempo para intentar evitar in posible fallo de memoria.
09-Jul-2020 16:47:31.198 GRAVE [Thread-5] org.apache.catalina.loader.WebappClassLoaderBase.checkThreadLocalMapForLeaks La aplicación web [powerfin] creó un ThreadLocal con clave del tipo [java.lang.ThreadLocal] (valor [java.lang.ThreadLocal@1faec647]) y un valor del tipo [org.openxava.util.UserInfo] (valor [org.openxava.util.UserInfo@36f8ccdd]) pero no pudo quitarlo cuando la aplicación web se paró. Los hilos se van a renovar con el tiempo para intentar evitar in posible fallo de memoria.
09-Jul-2020 16:47:32.151 INFORMACIÓN [Thread-5] org.apache.coyote.AbstractProtocol.stop Stopping ProtocolHandler ["http-nio-8080"]
09-Jul-2020 16:47:32.163 INFORMACIÓN [Thread-5] org.apache.coyote.AbstractProtocol.stop Stopping ProtocolHandler ["ajp-nio-8009"]
09-Jul-2020 16:47:32.175 INFORMACIÓN [Thread-5] org.apache.coyote.AbstractProtocol.destroy Destroying ProtocolHandler ["http-nio-8080"]
09-Jul-2020 16:47:32.179 INFORMACIÓN [Thread-5] org.apache.coyote.AbstractProtocol.destroy Destroying ProtocolHandler ["ajp-nio-8009"]
