#
# A fatal error has been detected by the Java Runtime Environment:
#
#  SIGBUS (0x7) at pc=0x00007f18c4f29d10, pid=4166, tid=0x00007f18a0590700
#
# JRE version: Java(TM) SE Runtime Environment (8.0_221-b11) (build 1.8.0_221-b11)
# Java VM: Java HotSpot(TM) 64-Bit Server VM (25.221-b11 mixed mode linux-amd64 compressed oops)
# Problematic frame:
# C  [libzip.so+0x11d10]  newEntry.isra.4+0x60
#
# Failed to write core dump. Core dumps have been disabled. To enable core dumping, try "ulimit -c unlimited" before starting Java again
#
# If you would like to submit a bug report, please visit:
#   http://bugreport.java.com/bugreport/crash.jsp
# The crash happened outside the Java Virtual Machine in native code.
# See problematic frame for where to report the bug.
#

---------------  T H R E A D  ---------------

Current thread (0x00007f18c06aa000):  JavaThread "ContainerBackgroundProcessor[StandardEngine[Catalina]]" daemon [_thread_in_native, id=4571, stack(0x00007f18a0490000,0x00007f18a0591000)]

siginfo: si_signo: 7 (SIGBUS), si_code: 2 (BUS_ADRERR), si_addr: 0x00007f18a0113f38

Registers:
RAX=0x00007f180c4bf3c0, RBX=0x00007f180c0f3250, RCX=0x00007f180c0008e8, RDX=0x00007f180c4bf3c0
RSP=0x00007f18a058c840, RBP=0x00007f18a058c8b0, RSI=0x00007f180c522aa0, RDI=0x0000000000000048
R8 =0x0000000079fb6691, R9 =0x0000000000000055, R10=0x00007f18b11d1e98, R11=0x0000000794bdeac0
R12=0x000000000000cf1a, R13=0x0000000079fb6691, R14=0x00007f180c4bf3c0, R15=0x00007f18a0113f1a
RIP=0x00007f18c4f29d10, EFLAGS=0x0000000000010202, CSGSFS=0x002b000000000033, ERR=0x0000000000000004
  TRAPNO=0x000000000000000e

Top of Stack: (sp=0x00007f18a058c840)
0x00007f18a058c840:   00007f18c06aa000 00007f18c1bbd720
0x00007f18a058c850:   00007f18c0704eb0 00007f18c0704f30
0x00007f18a058c860:   00007f18c0704f98 00000000000000d8
0x00007f18a058c870:   00007f18a058d370 00000000c60ea691
0x00007f18a058c880:   0000000000000055 00007f180c10c910
0x00007f18a058c890:   0000000000000055 0000000079fb6691
0x00007f18a058c8a0:   00007f180c0f3250 00007f180c035f30
0x00007f18a058c8b0:   00007f18a058c900 00007f18c4f2a9fe
0x00007f18a058c8c0:   01007f1800000055 00007f18a058c920
0x00007f18a058c8d0:   00007f18a058c970 0000000000000055
0x00007f18a058c8e0:   00007f18c06aa1f8 00007f18a058cd78
0x00007f18a058c8f0:   00007f18a058c920 00007f180c0f3250
0x00007f18a058c900:   00007f18a058cd60 00007f18c4f1ba75
0x00007f18a058c910:   0000000794bd5a30 00007f1800000001
0x00007f18a058c920:   656269682f67726f 61762f6574616e72
0x00007f18a058c930:   2f726f746164696c 6c616e7265746e69
0x00007f18a058c940:   7461646174656d2f 6469766f72702f61
0x00007f18a058c950:   746f6e6e412f7265 74654d6e6f697461
0x00007f18a058c960:   6f72506174614461 2e31247265646976
0x00007f18a058c970:   0000007373616c63 00007f18ab8043d8
0x00007f18a058c980:   00007f18a058cbb0 00007f18a058ca70
0x00007f18a058c990:   00007f18c06aa000 00007f18c06aa000
0x00007f18a058c9a0:   00007f18a058ca70 00007f18a058cc78
0x00007f18a058c9b0:   00007f180000000c 00007f18ab8043d8
0x00007f18a058c9c0:   00007f18c06aa000 00007f18c06aa000
0x00007f18a058c9d0:   0000000000000001 00007f18a058cc70
0x00007f18a058c9e0:   00007f18a058cae0 00007f18c5ea6529
0x00007f18a058c9f0:   00007f18ababd190 00007f18c06aa000
0x00007f18a058ca00:   00007f18a058ca30 00007f180000000c
0x00007f18a058ca10:   00007f180000000d 00007f18b1046ba0
0x00007f18a058ca20:   00007f18c0704f20 00007f18a058cc70
0x00007f18a058ca30:   00007f18c06aa000 00007f18c1bbd720 

Instructions: (pc=0x00007f18c4f29d10)
0x00007f18c4f29cf0:   00 00 00 48 c7 40 28 00 00 00 00 4d 8b 24 24 0f
0x00007f18c4f29d00:   84 1b 01 00 00 4c 2b 63 28 4c 8b 7b 18 4d 01 e7
0x00007f18c4f29d10:   41 0f b7 47 1e 45 0f b7 6f 1c 45 31 e4 66 89 45
0x00007f18c4f29d20:   ca 41 0f b7 47 20 44 89 ea 66 89 45 c8 41 8b 47 

Register to memory mapping:

RAX=0x00007f180c4bf3c0 is an unknown value
RBX=0x00007f180c0f3250 is an unknown value
RCX=0x00007f180c0008e8 is an unknown value
RDX=0x00007f180c4bf3c0 is an unknown value
RSP=0x00007f18a058c840 is pointing into the stack for thread: 0x00007f18c06aa000
RBP=0x00007f18a058c8b0 is pointing into the stack for thread: 0x00007f18c06aa000
RSI=0x00007f180c522aa0 is an unknown value
RDI=0x0000000000000048 is an unknown value
R8 =0x0000000079fb6691 is an unknown value
R9 =0x0000000000000055 is an unknown value
R10=0x00007f18b11d1e98 is at entry_point+88 in (nmethod*)0x00007f18b11d1cd0
R11=0x0000000794bdeac0 is an oop
